{"/home/runner/work/Repstack/Repstack/src/db/index.ts": {"path":"/home/runner/work/Repstack/Repstack/src/db/index.ts","statementMap":{"0":{"start":{"line":34,"column":4},"end":{"line":34,"column":null}},"1":{"start":{"line":41,"column":4},"end":{"line":46,"column":null}},"2":{"start":{"line":49,"column":4},"end":{"line":240,"column":null}},"3":{"start":{"line":66,"column":8},"end":{"line":119,"column":null}},"4":{"start":{"line":67,"column":24},"end":{"line":67,"column":null}},"5":{"start":{"line":69,"column":10},"end":{"line":104,"column":null}},"6":{"start":{"line":70,"column":12},"end":{"line":103,"column":null}},"7":{"start":{"line":79,"column":47},"end":{"line":99,"column":null}},"8":{"start":{"line":100,"column":18},"end":{"line":100,"column":null}},"9":{"start":{"line":109,"column":22},"end":{"line":109,"column":null}},"10":{"start":{"line":110,"column":26},"end":{"line":110,"column":null}},"11":{"start":{"line":111,"column":10},"end":{"line":118,"column":null}},"12":{"start":{"line":117,"column":12},"end":{"line":117,"column":null}},"13":{"start":{"line":122,"column":8},"end":{"line":159,"column":null}},"14":{"start":{"line":123,"column":31},"end":{"line":123,"column":null}},"15":{"start":{"line":124,"column":10},"end":{"line":147,"column":null}},"16":{"start":{"line":125,"column":33},"end":{"line":145,"column":null}},"17":{"start":{"line":135,"column":21},"end":{"line":144,"column":null}},"18":{"start":{"line":146,"column":12},"end":{"line":146,"column":null}},"19":{"start":{"line":149,"column":22},"end":{"line":149,"column":null}},"20":{"start":{"line":150,"column":26},"end":{"line":150,"column":null}},"21":{"start":{"line":151,"column":10},"end":{"line":158,"column":null}},"22":{"start":{"line":157,"column":12},"end":{"line":157,"column":null}},"23":{"start":{"line":162,"column":8},"end":{"line":197,"column":null}},"24":{"start":{"line":163,"column":30},"end":{"line":163,"column":null}},"25":{"start":{"line":164,"column":10},"end":{"line":185,"column":null}},"26":{"start":{"line":165,"column":32},"end":{"line":183,"column":null}},"27":{"start":{"line":174,"column":21},"end":{"line":182,"column":null}},"28":{"start":{"line":184,"column":12},"end":{"line":184,"column":null}},"29":{"start":{"line":187,"column":22},"end":{"line":187,"column":null}},"30":{"start":{"line":188,"column":26},"end":{"line":188,"column":null}},"31":{"start":{"line":189,"column":10},"end":{"line":196,"column":null}},"32":{"start":{"line":195,"column":12},"end":{"line":195,"column":null}},"33":{"start":{"line":200,"column":8},"end":{"line":239,"column":null}},"34":{"start":{"line":201,"column":32},"end":{"line":201,"column":null}},"35":{"start":{"line":202,"column":10},"end":{"line":227,"column":null}},"36":{"start":{"line":203,"column":34},"end":{"line":225,"column":null}},"37":{"start":{"line":214,"column":21},"end":{"line":224,"column":null}},"38":{"start":{"line":226,"column":12},"end":{"line":226,"column":null}},"39":{"start":{"line":229,"column":22},"end":{"line":229,"column":null}},"40":{"start":{"line":230,"column":26},"end":{"line":230,"column":null}},"41":{"start":{"line":231,"column":10},"end":{"line":238,"column":null}},"42":{"start":{"line":237,"column":12},"end":{"line":237,"column":null}},"43":{"start":{"line":244,"column":4},"end":{"line":257,"column":null}},"44":{"start":{"line":260,"column":4},"end":{"line":290,"column":null}},"45":{"start":{"line":271,"column":35},"end":{"line":271,"column":null}},"46":{"start":{"line":273,"column":8},"end":{"line":289,"column":null}},"47":{"start":{"line":275,"column":28},"end":{"line":275,"column":null}},"48":{"start":{"line":276,"column":26},"end":{"line":276,"column":null}},"49":{"start":{"line":277,"column":27},"end":{"line":277,"column":null}},"50":{"start":{"line":278,"column":27},"end":{"line":278,"column":null}},"51":{"start":{"line":279,"column":32},"end":{"line":279,"column":null}},"52":{"start":{"line":282,"column":46},"end":{"line":286,"column":null}},"53":{"start":{"line":288,"column":10},"end":{"line":288,"column":null}},"54":{"start":{"line":294,"column":4},"end":{"line":294,"column":null}},"55":{"start":{"line":295,"column":4},"end":{"line":295,"column":null}},"56":{"start":{"line":296,"column":4},"end":{"line":296,"column":null}},"57":{"start":{"line":304,"column":18},"end":{"line":304,"column":null}},"58":{"start":{"line":312,"column":2},"end":{"line":341,"column":null}},"59":{"start":{"line":314,"column":4},"end":{"line":314,"column":null}},"60":{"start":{"line":316,"column":16},"end":{"line":316,"column":null}},"61":{"start":{"line":317,"column":20},"end":{"line":317,"column":null}},"62":{"start":{"line":320,"column":4},"end":{"line":340,"column":null}},"63":{"start":{"line":325,"column":6},"end":{"line":328,"column":null}},"64":{"start":{"line":331,"column":6},"end":{"line":331,"column":null}},"65":{"start":{"line":334,"column":6},"end":{"line":334,"column":null}},"66":{"start":{"line":336,"column":6},"end":{"line":336,"column":null}},"67":{"start":{"line":339,"column":6},"end":{"line":339,"column":null}}},"fnMap":{"0":{"name":"(anonymous_0)","decl":{"start":{"line":33,"column":2},"end":{"line":33,"column":16}},"loc":{"start":{"line":33,"column":16},"end":{"line":300,"column":null}},"line":33},"1":{"name":"(anonymous_1)","decl":{"start":{"line":64,"column":15},"end":{"line":64,"column":22}},"loc":{"start":{"line":64,"column":29},"end":{"line":240,"column":7}},"line":64},"2":{"name":"(anonymous_2)","decl":{"start":{"line":72,"column":16},"end":{"line":72,"column":17}},"loc":{"start":{"line":78,"column":22},"end":{"line":101,"column":null}},"line":78},"3":{"name":"(anonymous_3)","decl":{"start":{"line":126,"column":14},"end":{"line":126,"column":15}},"loc":{"start":{"line":135,"column":21},"end":{"line":144,"column":null}},"line":135},"4":{"name":"(anonymous_4)","decl":{"start":{"line":166,"column":14},"end":{"line":166,"column":15}},"loc":{"start":{"line":174,"column":21},"end":{"line":182,"column":null}},"line":174},"5":{"name":"(anonymous_5)","decl":{"start":{"line":204,"column":14},"end":{"line":204,"column":15}},"loc":{"start":{"line":214,"column":21},"end":{"line":224,"column":null}},"line":214},"6":{"name":"(anonymous_6)","decl":{"start":{"line":269,"column":15},"end":{"line":269,"column":22}},"loc":{"start":{"line":269,"column":29},"end":{"line":290,"column":7}},"line":269},"7":{"name":"initializeDatabase","decl":{"start":{"line":311,"column":22},"end":{"line":311,"column":58}},"loc":{"start":{"line":311,"column":58},"end":{"line":342,"column":null}},"line":311}},"branchMap":{"0":{"loc":{"start":{"line":69,"column":10},"end":{"line":104,"column":null}},"type":"if","locations":[{"start":{"line":69,"column":10},"end":{"line":104,"column":null}},{"start":{},"end":{}}],"line":69},"1":{"loc":{"start":{"line":69,"column":14},"end":{"line":69,"column":41}},"type":"binary-expr","locations":[{"start":{"line":69,"column":14},"end":{"line":69,"column":23}},{"start":{"line":69,"column":23},"end":{"line":69,"column":41}}],"line":69},"2":{"loc":{"start":{"line":80,"column":24},"end":{"line":80,"column":null}},"type":"binary-expr","locations":[{"start":{"line":80,"column":24},"end":{"line":80,"column":47}},{"start":{"line":80,"column":47},"end":{"line":80,"column":null}}],"line":80},"3":{"loc":{"start":{"line":81,"column":26},"end":{"line":81,"column":null}},"type":"binary-expr","locations":[{"start":{"line":81,"column":26},"end":{"line":81,"column":39}},{"start":{"line":81,"column":39},"end":{"line":81,"column":null}}],"line":81},"4":{"loc":{"start":{"line":83,"column":23},"end":{"line":86,"column":null}},"type":"binary-expr","locations":[{"start":{"line":83,"column":23},"end":{"line":83,"column":null}},{"start":{"line":86,"column":41},"end":{"line":86,"column":null}}],"line":83},"5":{"loc":{"start":{"line":97,"column":31},"end":{"line":97,"column":null}},"type":"binary-expr","locations":[{"start":{"line":97,"column":31},"end":{"line":97,"column":49}},{"start":{"line":97,"column":49},"end":{"line":97,"column":null}}],"line":97},"6":{"loc":{"start":{"line":98,"column":31},"end":{"line":98,"column":null}},"type":"binary-expr","locations":[{"start":{"line":98,"column":31},"end":{"line":98,"column":49}},{"start":{"line":98,"column":49},"end":{"line":98,"column":null}}],"line":98},"7":{"loc":{"start":{"line":110,"column":26},"end":{"line":110,"column":null}},"type":"cond-expr","locations":[{"start":{"line":110,"column":61},"end":{"line":110,"column":75}},{"start":{"line":110,"column":75},"end":{"line":110,"column":null}}],"line":110},"8":{"loc":{"start":{"line":111,"column":10},"end":{"line":118,"column":null}},"type":"if","locations":[{"start":{"line":111,"column":10},"end":{"line":118,"column":null}},{"start":{"line":116,"column":17},"end":{"line":118,"column":null}}],"line":111},"9":{"loc":{"start":{"line":112,"column":12},"end":{"line":113,"column":null}},"type":"binary-expr","locations":[{"start":{"line":112,"column":12},"end":{"line":112,"column":null}},{"start":{"line":113,"column":12},"end":{"line":113,"column":null}}],"line":112},"10":{"loc":{"start":{"line":124,"column":10},"end":{"line":147,"column":null}},"type":"if","locations":[{"start":{"line":124,"column":10},"end":{"line":147,"column":null}},{"start":{},"end":{}}],"line":124},"11":{"loc":{"start":{"line":124,"column":14},"end":{"line":124,"column":55}},"type":"binary-expr","locations":[{"start":{"line":124,"column":14},"end":{"line":124,"column":30}},{"start":{"line":124,"column":30},"end":{"line":124,"column":55}}],"line":124},"12":{"loc":{"start":{"line":137,"column":22},"end":{"line":137,"column":null}},"type":"binary-expr","locations":[{"start":{"line":137,"column":22},"end":{"line":137,"column":36}},{"start":{"line":137,"column":36},"end":{"line":137,"column":null}}],"line":137},"13":{"loc":{"start":{"line":138,"column":26},"end":{"line":138,"column":null}},"type":"binary-expr","locations":[{"start":{"line":138,"column":26},"end":{"line":138,"column":44}},{"start":{"line":138,"column":44},"end":{"line":138,"column":null}}],"line":138},"14":{"loc":{"start":{"line":139,"column":30},"end":{"line":139,"column":null}},"type":"binary-expr","locations":[{"start":{"line":139,"column":30},"end":{"line":139,"column":52}},{"start":{"line":139,"column":52},"end":{"line":139,"column":null}}],"line":139},"15":{"loc":{"start":{"line":142,"column":26},"end":{"line":142,"column":null}},"type":"binary-expr","locations":[{"start":{"line":142,"column":26},"end":{"line":142,"column":44}},{"start":{"line":142,"column":44},"end":{"line":142,"column":null}}],"line":142},"16":{"loc":{"start":{"line":143,"column":27},"end":{"line":143,"column":null}},"type":"binary-expr","locations":[{"start":{"line":143,"column":27},"end":{"line":143,"column":46}},{"start":{"line":143,"column":46},"end":{"line":143,"column":null}}],"line":143},"17":{"loc":{"start":{"line":150,"column":26},"end":{"line":150,"column":null}},"type":"cond-expr","locations":[{"start":{"line":150,"column":61},"end":{"line":150,"column":75}},{"start":{"line":150,"column":75},"end":{"line":150,"column":null}}],"line":150},"18":{"loc":{"start":{"line":151,"column":10},"end":{"line":158,"column":null}},"type":"if","locations":[{"start":{"line":151,"column":10},"end":{"line":158,"column":null}},{"start":{"line":156,"column":17},"end":{"line":158,"column":null}}],"line":151},"19":{"loc":{"start":{"line":152,"column":12},"end":{"line":153,"column":null}},"type":"binary-expr","locations":[{"start":{"line":152,"column":12},"end":{"line":152,"column":null}},{"start":{"line":153,"column":12},"end":{"line":153,"column":null}}],"line":152},"20":{"loc":{"start":{"line":164,"column":10},"end":{"line":185,"column":null}},"type":"if","locations":[{"start":{"line":164,"column":10},"end":{"line":185,"column":null}},{"start":{},"end":{}}],"line":164},"21":{"loc":{"start":{"line":164,"column":14},"end":{"line":164,"column":53}},"type":"binary-expr","locations":[{"start":{"line":164,"column":14},"end":{"line":164,"column":29}},{"start":{"line":164,"column":29},"end":{"line":164,"column":53}}],"line":164},"22":{"loc":{"start":{"line":176,"column":22},"end":{"line":176,"column":null}},"type":"binary-expr","locations":[{"start":{"line":176,"column":22},"end":{"line":176,"column":35}},{"start":{"line":176,"column":35},"end":{"line":176,"column":null}}],"line":176},"23":{"loc":{"start":{"line":177,"column":27},"end":{"line":177,"column":null}},"type":"binary-expr","locations":[{"start":{"line":177,"column":27},"end":{"line":177,"column":45}},{"start":{"line":177,"column":45},"end":{"line":177,"column":null}}],"line":177},"24":{"loc":{"start":{"line":178,"column":27},"end":{"line":178,"column":null}},"type":"binary-expr","locations":[{"start":{"line":178,"column":27},"end":{"line":178,"column":45}},{"start":{"line":178,"column":45},"end":{"line":178,"column":null}}],"line":178},"25":{"loc":{"start":{"line":180,"column":27},"end":{"line":180,"column":null}},"type":"binary-expr","locations":[{"start":{"line":180,"column":27},"end":{"line":180,"column":45}},{"start":{"line":180,"column":45},"end":{"line":180,"column":null}}],"line":180},"26":{"loc":{"start":{"line":181,"column":27},"end":{"line":181,"column":null}},"type":"binary-expr","locations":[{"start":{"line":181,"column":27},"end":{"line":181,"column":45}},{"start":{"line":181,"column":45},"end":{"line":181,"column":null}}],"line":181},"27":{"loc":{"start":{"line":188,"column":26},"end":{"line":188,"column":null}},"type":"cond-expr","locations":[{"start":{"line":188,"column":61},"end":{"line":188,"column":75}},{"start":{"line":188,"column":75},"end":{"line":188,"column":null}}],"line":188},"28":{"loc":{"start":{"line":189,"column":10},"end":{"line":196,"column":null}},"type":"if","locations":[{"start":{"line":189,"column":10},"end":{"line":196,"column":null}},{"start":{"line":194,"column":17},"end":{"line":196,"column":null}}],"line":189},"29":{"loc":{"start":{"line":190,"column":12},"end":{"line":191,"column":null}},"type":"binary-expr","locations":[{"start":{"line":190,"column":12},"end":{"line":190,"column":null}},{"start":{"line":191,"column":12},"end":{"line":191,"column":null}}],"line":190},"30":{"loc":{"start":{"line":202,"column":10},"end":{"line":227,"column":null}},"type":"if","locations":[{"start":{"line":202,"column":10},"end":{"line":227,"column":null}},{"start":{},"end":{}}],"line":202},"31":{"loc":{"start":{"line":202,"column":14},"end":{"line":202,"column":57}},"type":"binary-expr","locations":[{"start":{"line":202,"column":14},"end":{"line":202,"column":31}},{"start":{"line":202,"column":31},"end":{"line":202,"column":57}}],"line":202},"32":{"loc":{"start":{"line":216,"column":22},"end":{"line":216,"column":null}},"type":"binary-expr","locations":[{"start":{"line":216,"column":22},"end":{"line":216,"column":35}},{"start":{"line":216,"column":35},"end":{"line":216,"column":null}}],"line":216},"33":{"loc":{"start":{"line":217,"column":27},"end":{"line":217,"column":null}},"type":"binary-expr","locations":[{"start":{"line":217,"column":27},"end":{"line":217,"column":45}},{"start":{"line":217,"column":45},"end":{"line":217,"column":null}}],"line":217},"34":{"loc":{"start":{"line":219,"column":28},"end":{"line":219,"column":null}},"type":"binary-expr","locations":[{"start":{"line":219,"column":28},"end":{"line":219,"column":47}},{"start":{"line":219,"column":47},"end":{"line":219,"column":null}}],"line":219},"35":{"loc":{"start":{"line":220,"column":24},"end":{"line":220,"column":null}},"type":"binary-expr","locations":[{"start":{"line":220,"column":24},"end":{"line":220,"column":39}},{"start":{"line":220,"column":39},"end":{"line":220,"column":null}}],"line":220},"36":{"loc":{"start":{"line":221,"column":23},"end":{"line":221,"column":null}},"type":"binary-expr","locations":[{"start":{"line":221,"column":23},"end":{"line":221,"column":37}},{"start":{"line":221,"column":37},"end":{"line":221,"column":null}}],"line":221},"37":{"loc":{"start":{"line":222,"column":27},"end":{"line":222,"column":null}},"type":"binary-expr","locations":[{"start":{"line":222,"column":27},"end":{"line":222,"column":45}},{"start":{"line":222,"column":45},"end":{"line":222,"column":null}}],"line":222},"38":{"loc":{"start":{"line":223,"column":27},"end":{"line":223,"column":null}},"type":"binary-expr","locations":[{"start":{"line":223,"column":27},"end":{"line":223,"column":45}},{"start":{"line":223,"column":45},"end":{"line":223,"column":null}}],"line":223},"39":{"loc":{"start":{"line":230,"column":26},"end":{"line":230,"column":null}},"type":"cond-expr","locations":[{"start":{"line":230,"column":61},"end":{"line":230,"column":75}},{"start":{"line":230,"column":75},"end":{"line":230,"column":null}}],"line":230},"40":{"loc":{"start":{"line":231,"column":10},"end":{"line":238,"column":null}},"type":"if","locations":[{"start":{"line":231,"column":10},"end":{"line":238,"column":null}},{"start":{"line":236,"column":17},"end":{"line":238,"column":null}}],"line":231},"41":{"loc":{"start":{"line":232,"column":12},"end":{"line":233,"column":null}},"type":"binary-expr","locations":[{"start":{"line":232,"column":12},"end":{"line":232,"column":null}},{"start":{"line":233,"column":12},"end":{"line":233,"column":null}}],"line":232},"42":{"loc":{"start":{"line":284,"column":26},"end":{"line":284,"column":null}},"type":"binary-expr","locations":[{"start":{"line":284,"column":26},"end":{"line":284,"column":78}},{"start":{"line":284,"column":78},"end":{"line":284,"column":null}}],"line":284},"43":{"loc":{"start":{"line":285,"column":24},"end":{"line":285,"column":null}},"type":"cond-expr","locations":[{"start":{"line":285,"column":46},"end":{"line":285,"column":50}},{"start":{"line":285,"column":50},"end":{"line":285,"column":null}}],"line":285},"44":{"loc":{"start":{"line":285,"column":50},"end":{"line":285,"column":null}},"type":"cond-expr","locations":[{"start":{"line":285,"column":72},"end":{"line":285,"column":76}},{"start":{"line":285,"column":76},"end":{"line":285,"column":null}}],"line":285},"45":{"loc":{"start":{"line":317,"column":20},"end":{"line":317,"column":null}},"type":"binary-expr","locations":[{"start":{"line":317,"column":20},"end":{"line":317,"column":36}},{"start":{"line":317,"column":36},"end":{"line":317,"column":null}}],"line":317},"46":{"loc":{"start":{"line":320,"column":4},"end":{"line":340,"column":null}},"type":"if","locations":[{"start":{"line":320,"column":4},"end":{"line":340,"column":null}},{"start":{"line":337,"column":11},"end":{"line":340,"column":null}}],"line":320},"47":{"loc":{"start":{"line":321,"column":6},"end":{"line":323,"column":null}},"type":"binary-expr","locations":[{"start":{"line":321,"column":6},"end":{"line":321,"column":null}},{"start":{"line":322,"column":6},"end":{"line":322,"column":null}},{"start":{"line":323,"column":6},"end":{"line":323,"column":null}}],"line":321}},"s":{"0":2,"1":2,"2":2,"3":0,"4":0,"5":0,"6":0,"7":0,"8":0,"9":0,"10":0,"11":0,"12":0,"13":0,"14":0,"15":0,"16":0,"17":0,"18":0,"19":0,"20":0,"21":0,"22":0,"23":0,"24":0,"25":0,"26":0,"27":0,"28":0,"29":0,"30":0,"31":0,"32":0,"33":0,"34":0,"35":0,"36":0,"37":0,"38":0,"39":0,"40":0,"41":0,"42":0,"43":2,"44":2,"45":0,"46":0,"47":0,"48":0,"49":0,"50":0,"51":0,"52":0,"53":0,"54":2,"55":2,"56":2,"57":2,"58":0,"59":0,"60":0,"61":0,"62":0,"63":0,"64":0,"65":0,"66":0,"67":0},"f":{"0":2,"1":0,"2":0,"3":0,"4":0,"5":0,"6":0,"7":0},"b":{"0":[0,0],"1":[0,0],"2":[0,0],"3":[0,0],"4":[0,0],"5":[0,0],"6":[0,0],"7":[0,0],"8":[0,0],"9":[0,0],"10":[0,0],"11":[0,0],"12":[0,0],"13":[0,0],"14":[0,0],"15":[0,0],"16":[0,0],"17":[0,0],"18":[0,0],"19":[0,0],"20":[0,0],"21":[0,0],"22":[0,0],"23":[0,0],"24":[0,0],"25":[0,0],"26":[0,0],"27":[0,0],"28":[0,0],"29":[0,0],"30":[0,0],"31":[0,0],"32":[0,0],"33":[0,0],"34":[0,0],"35":[0,0],"36":[0,0],"37":[0,0],"38":[0,0],"39":[0,0],"40":[0,0],"41":[0,0],"42":[0,0],"43":[0,0],"44":[0,0],"45":[0,0],"46":[0,0],"47":[0,0,0]},"meta":{"lastBranch":48,"lastFunction":8,"lastStatement":68,"seen":{"f:33:2:33:16":0,"s:34:4:34:Infinity":0,"s:41:4:46:Infinity":1,"s:49:4:240:Infinity":2,"f:64:15:64:22":1,"s:66:8:119:Infinity":3,"s:67:24:67:Infinity":4,"b:69:10:104:Infinity:undefined:undefined:undefined:undefined":0,"s:69:10:104:Infinity":5,"b:69:14:69:23:69:23:69:41":1,"s:70:12:103:Infinity":6,"f:72:16:72:17":2,"s:79:47:99:Infinity":7,"b:80:24:80:47:80:47:80:Infinity":2,"b:81:26:81:39:81:39:81:Infinity":3,"b:83:23:83:Infinity:86:41:86:Infinity":4,"b:97:31:97:49:97:49:97:Infinity":5,"b:98:31:98:49:98:49:98:Infinity":6,"s:100:18:100:Infinity":8,"s:109:22:109:Infinity":9,"s:110:26:110:Infinity":10,"b:110:61:110:75:110:75:110:Infinity":7,"b:111:10:118:Infinity:116:17:118:Infinity":8,"s:111:10:118:Infinity":11,"b:112:12:112:Infinity:113:12:113:Infinity":9,"s:117:12:117:Infinity":12,"s:122:8:159:Infinity":13,"s:123:31:123:Infinity":14,"b:124:10:147:Infinity:undefined:undefined:undefined:undefined":10,"s:124:10:147:Infinity":15,"b:124:14:124:30:124:30:124:55":11,"s:125:33:145:Infinity":16,"f:126:14:126:15":3,"s:135:21:144:Infinity":17,"b:137:22:137:36:137:36:137:Infinity":12,"b:138:26:138:44:138:44:138:Infinity":13,"b:139:30:139:52:139:52:139:Infinity":14,"b:142:26:142:44:142:44:142:Infinity":15,"b:143:27:143:46:143:46:143:Infinity":16,"s:146:12:146:Infinity":18,"s:149:22:149:Infinity":19,"s:150:26:150:Infinity":20,"b:150:61:150:75:150:75:150:Infinity":17,"b:151:10:158:Infinity:156:17:158:Infinity":18,"s:151:10:158:Infinity":21,"b:152:12:152:Infinity:153:12:153:Infinity":19,"s:157:12:157:Infinity":22,"s:162:8:197:Infinity":23,"s:163:30:163:Infinity":24,"b:164:10:185:Infinity:undefined:undefined:undefined:undefined":20,"s:164:10:185:Infinity":25,"b:164:14:164:29:164:29:164:53":21,"s:165:32:183:Infinity":26,"f:166:14:166:15":4,"s:174:21:182:Infinity":27,"b:176:22:176:35:176:35:176:Infinity":22,"b:177:27:177:45:177:45:177:Infinity":23,"b:178:27:178:45:178:45:178:Infinity":24,"b:180:27:180:45:180:45:180:Infinity":25,"b:181:27:181:45:181:45:181:Infinity":26,"s:184:12:184:Infinity":28,"s:187:22:187:Infinity":29,"s:188:26:188:Infinity":30,"b:188:61:188:75:188:75:188:Infinity":27,"b:189:10:196:Infinity:194:17:196:Infinity":28,"s:189:10:196:Infinity":31,"b:190:12:190:Infinity:191:12:191:Infinity":29,"s:195:12:195:Infinity":32,"s:200:8:239:Infinity":33,"s:201:32:201:Infinity":34,"b:202:10:227:Infinity:undefined:undefined:undefined:undefined":30,"s:202:10:227:Infinity":35,"b:202:14:202:31:202:31:202:57":31,"s:203:34:225:Infinity":36,"f:204:14:204:15":5,"s:214:21:224:Infinity":37,"b:216:22:216:35:216:35:216:Infinity":32,"b:217:27:217:45:217:45:217:Infinity":33,"b:219:28:219:47:219:47:219:Infinity":34,"b:220:24:220:39:220:39:220:Infinity":35,"b:221:23:221:37:221:37:221:Infinity":36,"b:222:27:222:45:222:45:222:Infinity":37,"b:223:27:223:45:223:45:223:Infinity":38,"s:226:12:226:Infinity":38,"s:229:22:229:Infinity":39,"s:230:26:230:Infinity":40,"b:230:61:230:75:230:75:230:Infinity":39,"b:231:10:238:Infinity:236:17:238:Infinity":40,"s:231:10:238:Infinity":41,"b:232:12:232:Infinity:233:12:233:Infinity":41,"s:237:12:237:Infinity":42,"s:244:4:257:Infinity":43,"s:260:4:290:Infinity":44,"f:269:15:269:22":6,"s:271:35:271:Infinity":45,"s:273:8:289:Infinity":46,"s:275:28:275:Infinity":47,"s:276:26:276:Infinity":48,"s:277:27:277:Infinity":49,"s:278:27:278:Infinity":50,"s:279:32:279:Infinity":51,"s:282:46:286:Infinity":52,"b:284:26:284:78:284:78:284:Infinity":42,"b:285:46:285:50:285:50:285:Infinity":43,"b:285:72:285:76:285:76:285:Infinity":44,"s:288:10:288:Infinity":53,"s:294:4:294:Infinity":54,"s:295:4:295:Infinity":55,"s:296:4:296:Infinity":56,"s:304:18:304:Infinity":57,"f:311:22:311:58":7,"s:312:2:341:Infinity":58,"s:314:4:314:Infinity":59,"s:316:16:316:Infinity":60,"s:317:20:317:Infinity":61,"b:317:20:317:36:317:36:317:Infinity":45,"b:320:4:340:Infinity:337:11:340:Infinity":46,"s:320:4:340:Infinity":62,"b:321:6:321:Infinity:322:6:322:Infinity:323:6:323:Infinity":47,"s:325:6:328:Infinity":63,"s:331:6:331:Infinity":64,"s:334:6:334:Infinity":65,"s:336:6:336:Infinity":66,"s:339:6:339:Infinity":67}}}
,"/home/runner/work/Repstack/Repstack/src/db/service.ts": {"path":"/home/runner/work/Repstack/Repstack/src/db/service.ts","statementMap":{"0":{"start":{"line":33,"column":8},"end":{"line":33,"column":null}},"1":{"start":{"line":34,"column":2},"end":{"line":36,"column":null}},"2":{"start":{"line":35,"column":4},"end":{"line":35,"column":null}},"3":{"start":{"line":38,"column":34},"end":{"line":45,"column":null}},"4":{"start":{"line":47,"column":2},"end":{"line":47,"column":null}},"5":{"start":{"line":48,"column":2},"end":{"line":48,"column":null}},"6":{"start":{"line":54,"column":2},"end":{"line":54,"column":null}},"7":{"start":{"line":58,"column":2},"end":{"line":58,"column":null}},"8":{"start":{"line":65,"column":19},"end":{"line":65,"column":null}},"9":{"start":{"line":66,"column":2},"end":{"line":68,"column":null}},"10":{"start":{"line":67,"column":4},"end":{"line":67,"column":null}},"11":{"start":{"line":70,"column":25},"end":{"line":74,"column":null}},"12":{"start":{"line":76,"column":8},"end":{"line":76,"column":null}},"13":{"start":{"line":77,"column":2},"end":{"line":79,"column":null}},"14":{"start":{"line":78,"column":4},"end":{"line":78,"column":null}},"15":{"start":{"line":81,"column":2},"end":{"line":83,"column":null}},"16":{"start":{"line":82,"column":4},"end":{"line":82,"column":null}},"17":{"start":{"line":85,"column":2},"end":{"line":85,"column":null}},"18":{"start":{"line":89,"column":2},"end":{"line":89,"column":null}},"19":{"start":{"line":97,"column":8},"end":{"line":97,"column":null}},"20":{"start":{"line":98,"column":2},"end":{"line":100,"column":null}},"21":{"start":{"line":99,"column":4},"end":{"line":99,"column":null}},"22":{"start":{"line":102,"column":32},"end":{"line":113,"column":null}},"23":{"start":{"line":115,"column":2},"end":{"line":115,"column":null}},"24":{"start":{"line":116,"column":2},"end":{"line":116,"column":null}},"25":{"start":{"line":120,"column":2},"end":{"line":120,"column":null}},"26":{"start":{"line":124,"column":2},"end":{"line":124,"column":null}},"27":{"start":{"line":130,"column":2},"end":{"line":130,"column":null}},"28":{"start":{"line":134,"column":2},"end":{"line":136,"column":null}},"29":{"start":{"line":135,"column":26},"end":{"line":135,"column":52}},"30":{"start":{"line":143,"column":19},"end":{"line":143,"column":null}},"31":{"start":{"line":144,"column":2},"end":{"line":146,"column":null}},"32":{"start":{"line":145,"column":4},"end":{"line":145,"column":null}},"33":{"start":{"line":148,"column":26},"end":{"line":151,"column":null}},"34":{"start":{"line":153,"column":8},"end":{"line":153,"column":null}},"35":{"start":{"line":154,"column":2},"end":{"line":156,"column":null}},"36":{"start":{"line":155,"column":4},"end":{"line":155,"column":null}},"37":{"start":{"line":158,"column":2},"end":{"line":160,"column":null}},"38":{"start":{"line":159,"column":4},"end":{"line":159,"column":null}},"39":{"start":{"line":161,"column":2},"end":{"line":163,"column":null}},"40":{"start":{"line":162,"column":4},"end":{"line":162,"column":null}},"41":{"start":{"line":164,"column":2},"end":{"line":166,"column":null}},"42":{"start":{"line":165,"column":4},"end":{"line":165,"column":null}},"43":{"start":{"line":168,"column":2},"end":{"line":168,"column":null}},"44":{"start":{"line":174,"column":31},"end":{"line":176,"column":null}},"45":{"start":{"line":175,"column":25},"end":{"line":175,"column":77}},"46":{"start":{"line":175,"column":56},"end":{"line":175,"column":76}},"47":{"start":{"line":178,"column":43},"end":{"line":181,"column":null}},"48":{"start":{"line":183,"column":2},"end":{"line":187,"column":null}},"49":{"start":{"line":184,"column":4},"end":{"line":186,"column":null}},"50":{"start":{"line":189,"column":2},"end":{"line":189,"column":null}},"51":{"start":{"line":197,"column":8},"end":{"line":197,"column":null}},"52":{"start":{"line":198,"column":2},"end":{"line":200,"column":null}},"53":{"start":{"line":199,"column":4},"end":{"line":199,"column":null}},"54":{"start":{"line":203,"column":20},"end":{"line":203,"column":null}},"55":{"start":{"line":204,"column":19},"end":{"line":204,"column":null}},"56":{"start":{"line":206,"column":2},"end":{"line":212,"column":null}},"57":{"start":{"line":207,"column":26},"end":{"line":207,"column":null}},"58":{"start":{"line":208,"column":4},"end":{"line":211,"column":null}},"59":{"start":{"line":209,"column":6},"end":{"line":209,"column":null}},"60":{"start":{"line":210,"column":6},"end":{"line":210,"column":null}},"61":{"start":{"line":214,"column":30},"end":{"line":227,"column":null}},"62":{"start":{"line":229,"column":2},"end":{"line":229,"column":null}},"63":{"start":{"line":232,"column":2},"end":{"line":234,"column":null}},"64":{"start":{"line":233,"column":4},"end":{"line":233,"column":null}},"65":{"start":{"line":236,"column":2},"end":{"line":236,"column":null}},"66":{"start":{"line":240,"column":2},"end":{"line":240,"column":null}},"67":{"start":{"line":244,"column":2},"end":{"line":244,"column":null}},"68":{"start":{"line":251,"column":2},"end":{"line":255,"column":null}},"69":{"start":{"line":259,"column":19},"end":{"line":261,"column":null}},"70":{"start":{"line":260,"column":25},"end":{"line":260,"column":51}},"71":{"start":{"line":262,"column":2},"end":{"line":262,"column":null}},"72":{"start":{"line":262,"column":33},"end":{"line":262,"column":68}},"73":{"start":{"line":269,"column":19},"end":{"line":269,"column":null}},"74":{"start":{"line":270,"column":2},"end":{"line":272,"column":null}},"75":{"start":{"line":271,"column":4},"end":{"line":271,"column":null}},"76":{"start":{"line":274,"column":25},"end":{"line":278,"column":null}},"77":{"start":{"line":280,"column":8},"end":{"line":280,"column":null}},"78":{"start":{"line":281,"column":2},"end":{"line":283,"column":null}},"79":{"start":{"line":282,"column":4},"end":{"line":282,"column":null}},"80":{"start":{"line":285,"column":2},"end":{"line":287,"column":null}},"81":{"start":{"line":286,"column":4},"end":{"line":286,"column":null}},"82":{"start":{"line":289,"column":2},"end":{"line":289,"column":null}},"83":{"start":{"line":292,"column":2},"end":{"line":294,"column":null}},"84":{"start":{"line":293,"column":4},"end":{"line":293,"column":null}},"85":{"start":{"line":299,"column":19},"end":{"line":302,"column":null}},"86":{"start":{"line":304,"column":2},"end":{"line":307,"column":null}},"87":{"start":{"line":306,"column":33},"end":{"line":306,"column":71}},"88":{"start":{"line":315,"column":8},"end":{"line":315,"column":null}},"89":{"start":{"line":316,"column":2},"end":{"line":318,"column":null}},"90":{"start":{"line":317,"column":4},"end":{"line":317,"column":null}},"91":{"start":{"line":320,"column":38},"end":{"line":331,"column":null}},"92":{"start":{"line":333,"column":2},"end":{"line":333,"column":null}},"93":{"start":{"line":334,"column":2},"end":{"line":334,"column":null}},"94":{"start":{"line":340,"column":2},"end":{"line":340,"column":null}},"95":{"start":{"line":346,"column":2},"end":{"line":346,"column":null}},"96":{"start":{"line":352,"column":2},"end":{"line":356,"column":null}},"97":{"start":{"line":363,"column":19},"end":{"line":363,"column":null}},"98":{"start":{"line":364,"column":2},"end":{"line":366,"column":null}},"99":{"start":{"line":365,"column":4},"end":{"line":365,"column":null}},"100":{"start":{"line":368,"column":25},"end":{"line":371,"column":null}},"101":{"start":{"line":373,"column":8},"end":{"line":373,"column":null}},"102":{"start":{"line":374,"column":2},"end":{"line":376,"column":null}},"103":{"start":{"line":375,"column":4},"end":{"line":375,"column":null}},"104":{"start":{"line":378,"column":2},"end":{"line":380,"column":null}},"105":{"start":{"line":379,"column":4},"end":{"line":379,"column":null}},"106":{"start":{"line":382,"column":2},"end":{"line":382,"column":null}},"107":{"start":{"line":386,"column":2},"end":{"line":386,"column":null}},"108":{"start":{"line":394,"column":8},"end":{"line":394,"column":null}},"109":{"start":{"line":395,"column":2},"end":{"line":397,"column":null}},"110":{"start":{"line":396,"column":4},"end":{"line":396,"column":null}},"111":{"start":{"line":400,"column":2},"end":{"line":410,"column":null}},"112":{"start":{"line":401,"column":27},"end":{"line":404,"column":null}},"113":{"start":{"line":405,"column":4},"end":{"line":409,"column":null}},"114":{"start":{"line":406,"column":6},"end":{"line":408,"column":null}},"115":{"start":{"line":412,"column":34},"end":{"line":426,"column":null}},"116":{"start":{"line":428,"column":2},"end":{"line":428,"column":null}},"117":{"start":{"line":429,"column":2},"end":{"line":429,"column":null}},"118":{"start":{"line":433,"column":2},"end":{"line":433,"column":null}},"119":{"start":{"line":437,"column":2},"end":{"line":437,"column":null}},"120":{"start":{"line":441,"column":2},"end":{"line":441,"column":null}},"121":{"start":{"line":447,"column":2},"end":{"line":451,"column":null}},"122":{"start":{"line":458,"column":19},"end":{"line":458,"column":null}},"123":{"start":{"line":459,"column":2},"end":{"line":461,"column":null}},"124":{"start":{"line":460,"column":4},"end":{"line":460,"column":null}},"125":{"start":{"line":463,"column":27},"end":{"line":467,"column":null}},"126":{"start":{"line":469,"column":8},"end":{"line":469,"column":null}},"127":{"start":{"line":470,"column":2},"end":{"line":472,"column":null}},"128":{"start":{"line":471,"column":4},"end":{"line":471,"column":null}},"129":{"start":{"line":474,"column":2},"end":{"line":476,"column":null}},"130":{"start":{"line":475,"column":4},"end":{"line":475,"column":null}},"131":{"start":{"line":477,"column":2},"end":{"line":479,"column":null}},"132":{"start":{"line":478,"column":4},"end":{"line":478,"column":null}},"133":{"start":{"line":481,"column":2},"end":{"line":481,"column":null}},"134":{"start":{"line":485,"column":2},"end":{"line":485,"column":null}},"135":{"start":{"line":491,"column":2},"end":{"line":497,"column":null}},"136":{"start":{"line":511,"column":19},"end":{"line":517,"column":null}},"137":{"start":{"line":514,"column":8},"end":{"line":515,"column":null}},"138":{"start":{"line":515,"column":39},"end":{"line":515,"column":67}},"139":{"start":{"line":519,"column":2},"end":{"line":521,"column":null}},"140":{"start":{"line":520,"column":4},"end":{"line":520,"column":null}},"141":{"start":{"line":524,"column":2},"end":{"line":524,"column":null}},"142":{"start":{"line":524,"column":26},"end":{"line":524,"column":61}},"143":{"start":{"line":526,"column":22},"end":{"line":526,"column":null}},"144":{"start":{"line":527,"column":23},"end":{"line":529,"column":null}},"145":{"start":{"line":528,"column":12},"end":{"line":528,"column":null}},"146":{"start":{"line":531,"column":2},"end":{"line":533,"column":null}},"147":{"start":{"line":532,"column":4},"end":{"line":532,"column":null}},"148":{"start":{"line":535,"column":2},"end":{"line":538,"column":null}},"149":{"start":{"line":551,"column":22},"end":{"line":551,"column":null}},"150":{"start":{"line":553,"column":2},"end":{"line":562,"column":null}},"151":{"start":{"line":572,"column":2},"end":{"line":582,"column":null}},"152":{"start":{"line":574,"column":4},"end":{"line":574,"column":null}},"153":{"start":{"line":577,"column":4},"end":{"line":579,"column":null}},"154":{"start":{"line":578,"column":6},"end":{"line":578,"column":null}},"155":{"start":{"line":581,"column":4},"end":{"line":581,"column":null}},"156":{"start":{"line":591,"column":2},"end":{"line":612,"column":null}},"157":{"start":{"line":592,"column":18},"end":{"line":592,"column":null}},"158":{"start":{"line":593,"column":4},"end":{"line":595,"column":null}},"159":{"start":{"line":594,"column":6},"end":{"line":594,"column":null}},"160":{"start":{"line":598,"column":27},"end":{"line":598,"column":null}},"161":{"start":{"line":600,"column":20},"end":{"line":606,"column":null}},"162":{"start":{"line":602,"column":6},"end":{"line":604,"column":null}},"163":{"start":{"line":603,"column":8},"end":{"line":603,"column":null}},"164":{"start":{"line":605,"column":6},"end":{"line":605,"column":null}},"165":{"start":{"line":608,"column":4},"end":{"line":608,"column":null}},"166":{"start":{"line":610,"column":4},"end":{"line":610,"column":null}},"167":{"start":{"line":611,"column":4},"end":{"line":611,"column":null}},"168":{"start":{"line":619,"column":2},"end":{"line":619,"column":null}},"169":{"start":{"line":631,"column":2},"end":{"line":633,"column":null}},"170":{"start":{"line":632,"column":4},"end":{"line":632,"column":null}},"171":{"start":{"line":635,"column":20},"end":{"line":635,"column":null}},"172":{"start":{"line":636,"column":2},"end":{"line":636,"column":null}},"173":{"start":{"line":639,"column":24},"end":{"line":639,"column":null}},"174":{"start":{"line":640,"column":2},"end":{"line":640,"column":null}},"175":{"start":{"line":643,"column":22},"end":{"line":643,"column":null}},"176":{"start":{"line":644,"column":2},"end":{"line":644,"column":null}},"177":{"start":{"line":645,"column":2},"end":{"line":645,"column":null}},"178":{"start":{"line":647,"column":2},"end":{"line":650,"column":null}},"179":{"start":{"line":664,"column":20},"end":{"line":664,"column":null}},"180":{"start":{"line":665,"column":2},"end":{"line":667,"column":null}},"181":{"start":{"line":666,"column":4},"end":{"line":666,"column":null}},"182":{"start":{"line":669,"column":21},"end":{"line":669,"column":null}},"183":{"start":{"line":670,"column":2},"end":{"line":672,"column":null}},"184":{"start":{"line":671,"column":4},"end":{"line":671,"column":null}},"185":{"start":{"line":675,"column":28},"end":{"line":683,"column":null}},"186":{"start":{"line":678,"column":8},"end":{"line":681,"column":null}},"187":{"start":{"line":686,"column":2},"end":{"line":697,"column":null}},"188":{"start":{"line":688,"column":20},"end":{"line":690,"column":null}},"189":{"start":{"line":689,"column":21},"end":{"line":689,"column":49}},"190":{"start":{"line":690,"column":22},"end":{"line":690,"column":57}},"191":{"start":{"line":692,"column":4},"end":{"line":696,"column":null}},"192":{"start":{"line":701,"column":15},"end":{"line":709,"column":null}},"193":{"start":{"line":711,"column":2},"end":{"line":711,"column":null}},"194":{"start":{"line":717,"column":2},"end":{"line":732,"column":null}},"195":{"start":{"line":718,"column":25},"end":{"line":718,"column":null}},"196":{"start":{"line":720,"column":4},"end":{"line":728,"column":null}},"197":{"start":{"line":721,"column":6},"end":{"line":726,"column":null}},"198":{"start":{"line":722,"column":18},"end":{"line":722,"column":null}},"199":{"start":{"line":723,"column":8},"end":{"line":725,"column":null}},"200":{"start":{"line":724,"column":10},"end":{"line":724,"column":null}},"201":{"start":{"line":727,"column":6},"end":{"line":727,"column":null}},"202":{"start":{"line":731,"column":4},"end":{"line":731,"column":null}},"203":{"start":{"line":734,"column":2},"end":{"line":736,"column":null}},"204":{"start":{"line":735,"column":4},"end":{"line":735,"column":null}},"205":{"start":{"line":739,"column":4},"end":{"line":739,"column":null}},"206":{"start":{"line":747,"column":29},"end":{"line":748,"column":null}},"207":{"start":{"line":748,"column":4},"end":{"line":748,"column":null}},"208":{"start":{"line":750,"column":2},"end":{"line":760,"column":null}},"209":{"start":{"line":757,"column":4},"end":{"line":759,"column":null}},"210":{"start":{"line":762,"column":28},"end":{"line":762,"column":null}},"211":{"start":{"line":763,"column":25},"end":{"line":763,"column":null}},"212":{"start":{"line":764,"column":24},"end":{"line":764,"column":null}},"213":{"start":{"line":766,"column":5},"end":{"line":766,"column":null}},"214":{"start":{"line":767,"column":26},"end":{"line":767,"column":null}},"215":{"start":{"line":770,"column":2},"end":{"line":770,"column":null}},"216":{"start":{"line":773,"column":2},"end":{"line":775,"column":null}},"217":{"start":{"line":774,"column":4},"end":{"line":774,"column":null}},"218":{"start":{"line":776,"column":2},"end":{"line":778,"column":null}},"219":{"start":{"line":777,"column":4},"end":{"line":777,"column":null}},"220":{"start":{"line":779,"column":2},"end":{"line":781,"column":null}},"221":{"start":{"line":780,"column":4},"end":{"line":780,"column":null}},"222":{"start":{"line":782,"column":2},"end":{"line":784,"column":null}},"223":{"start":{"line":783,"column":4},"end":{"line":783,"column":null}},"224":{"start":{"line":785,"column":2},"end":{"line":787,"column":null}},"225":{"start":{"line":786,"column":4},"end":{"line":786,"column":null}},"226":{"start":{"line":799,"column":20},"end":{"line":799,"column":null}},"227":{"start":{"line":800,"column":2},"end":{"line":802,"column":null}},"228":{"start":{"line":801,"column":4},"end":{"line":801,"column":null}},"229":{"start":{"line":805,"column":28},"end":{"line":807,"column":null}},"230":{"start":{"line":806,"column":19},"end":{"line":806,"column":63}},"231":{"start":{"line":809,"column":2},"end":{"line":809,"column":null}},"232":{"start":{"line":820,"column":20},"end":{"line":820,"column":null}},"233":{"start":{"line":821,"column":2},"end":{"line":823,"column":null}},"234":{"start":{"line":822,"column":4},"end":{"line":822,"column":null}},"235":{"start":{"line":825,"column":19},"end":{"line":825,"column":null}},"236":{"start":{"line":825,"column":51},"end":{"line":825,"column":70}},"237":{"start":{"line":826,"column":2},"end":{"line":830,"column":null}},"238":{"start":{"line":827,"column":4},"end":{"line":829,"column":null}},"239":{"start":{"line":833,"column":22},"end":{"line":833,"column":null}},"240":{"start":{"line":834,"column":24},"end":{"line":834,"column":null}},"241":{"start":{"line":837,"column":72},"end":{"line":837,"column":null}},"242":{"start":{"line":839,"column":2},"end":{"line":888,"column":null}},"243":{"start":{"line":841,"column":21},"end":{"line":841,"column":null}},"244":{"start":{"line":842,"column":4},"end":{"line":848,"column":null}},"245":{"start":{"line":844,"column":6},"end":{"line":846,"column":null}},"246":{"start":{"line":847,"column":6},"end":{"line":847,"column":null}},"247":{"start":{"line":851,"column":32},"end":{"line":853,"column":null}},"248":{"start":{"line":855,"column":6},"end":{"line":855,"column":null}},"249":{"start":{"line":858,"column":57},"end":{"line":858,"column":null}},"250":{"start":{"line":859,"column":25},"end":{"line":859,"column":null}},"251":{"start":{"line":860,"column":23},"end":{"line":862,"column":null}},"252":{"start":{"line":864,"column":4},"end":{"line":881,"column":null}},"253":{"start":{"line":864,"column":17},"end":{"line":864,"column":20}},"254":{"start":{"line":866,"column":8},"end":{"line":869,"column":null}},"255":{"start":{"line":871,"column":6},"end":{"line":880,"column":null}},"256":{"start":{"line":883,"column":4},"end":{"line":887,"column":null}},"257":{"start":{"line":891,"column":53},"end":{"line":903,"column":null}},"258":{"start":{"line":905,"column":2},"end":{"line":905,"column":null}}},"fnMap":{"0":{"name":"createUserProfile","decl":{"start":{"line":30,"column":22},"end":{"line":30,"column":null}},"loc":{"start":{"line":32,"column":19},"end":{"line":49,"column":null}},"line":32},"1":{"name":"getUserProfile","decl":{"start":{"line":51,"column":22},"end":{"line":51,"column":null}},"loc":{"start":{"line":53,"column":36},"end":{"line":55,"column":null}},"line":53},"2":{"name":"getAllUserProfiles","decl":{"start":{"line":57,"column":22},"end":{"line":57,"column":67}},"loc":{"start":{"line":57,"column":67},"end":{"line":59,"column":null}},"line":57},"3":{"name":"updateUserProfile","decl":{"start":{"line":61,"column":22},"end":{"line":61,"column":null}},"loc":{"start":{"line":64,"column":17},"end":{"line":86,"column":null}},"line":64},"4":{"name":"deleteUserProfile","decl":{"start":{"line":88,"column":22},"end":{"line":88,"column":40}},"loc":{"start":{"line":88,"column":67},"end":{"line":90,"column":null}},"line":88},"5":{"name":"createExercise","decl":{"start":{"line":94,"column":22},"end":{"line":94,"column":null}},"loc":{"start":{"line":96,"column":19},"end":{"line":117,"column":null}},"line":96},"6":{"name":"getExercise","decl":{"start":{"line":119,"column":22},"end":{"line":119,"column":34}},"loc":{"start":{"line":119,"column":77},"end":{"line":121,"column":null}},"line":119},"7":{"name":"getAllExercises","decl":{"start":{"line":123,"column":22},"end":{"line":123,"column":61}},"loc":{"start":{"line":123,"column":61},"end":{"line":125,"column":null}},"line":123},"8":{"name":"getExercisesByCategory","decl":{"start":{"line":127,"column":22},"end":{"line":127,"column":null}},"loc":{"start":{"line":129,"column":23},"end":{"line":131,"column":null}},"line":129},"9":{"name":"getCustomExercises","decl":{"start":{"line":133,"column":22},"end":{"line":133,"column":64}},"loc":{"start":{"line":133,"column":64},"end":{"line":137,"column":null}},"line":133},"10":{"name":"(anonymous_10)","decl":{"start":{"line":135,"column":12},"end":{"line":135,"column":13}},"loc":{"start":{"line":135,"column":26},"end":{"line":135,"column":52}},"line":135},"11":{"name":"updateExercise","decl":{"start":{"line":139,"column":22},"end":{"line":139,"column":null}},"loc":{"start":{"line":142,"column":17},"end":{"line":169,"column":null}},"line":142},"12":{"name":"deleteExercise","decl":{"start":{"line":171,"column":22},"end":{"line":171,"column":37}},"loc":{"start":{"line":171,"column":64},"end":{"line":190,"column":null}},"line":171},"13":{"name":"(anonymous_13)","decl":{"start":{"line":175,"column":12},"end":{"line":175,"column":13}},"loc":{"start":{"line":175,"column":25},"end":{"line":175,"column":77}},"line":175},"14":{"name":"(anonymous_14)","decl":{"start":{"line":175,"column":48},"end":{"line":175,"column":49}},"loc":{"start":{"line":175,"column":56},"end":{"line":175,"column":76}},"line":175},"15":{"name":"createWorkout","decl":{"start":{"line":194,"column":22},"end":{"line":194,"column":null}},"loc":{"start":{"line":196,"column":19},"end":{"line":237,"column":null}},"line":196},"16":{"name":"getWorkout","decl":{"start":{"line":239,"column":22},"end":{"line":239,"column":33}},"loc":{"start":{"line":239,"column":75},"end":{"line":241,"column":null}},"line":239},"17":{"name":"getAllWorkouts","decl":{"start":{"line":243,"column":22},"end":{"line":243,"column":59}},"loc":{"start":{"line":243,"column":59},"end":{"line":245,"column":null}},"line":243},"18":{"name":"getWorkoutsByDateRange","decl":{"start":{"line":247,"column":22},"end":{"line":247,"column":null}},"loc":{"start":{"line":250,"column":22},"end":{"line":256,"column":null}},"line":250},"19":{"name":"getCompletedWorkouts","decl":{"start":{"line":258,"column":22},"end":{"line":258,"column":65}},"loc":{"start":{"line":258,"column":65},"end":{"line":263,"column":null}},"line":258},"20":{"name":"(anonymous_20)","decl":{"start":{"line":260,"column":12},"end":{"line":260,"column":13}},"loc":{"start":{"line":260,"column":25},"end":{"line":260,"column":51}},"line":260},"21":{"name":"(anonymous_21)","decl":{"start":{"line":262,"column":23},"end":{"line":262,"column":24}},"loc":{"start":{"line":262,"column":33},"end":{"line":262,"column":68}},"line":262},"22":{"name":"updateWorkout","decl":{"start":{"line":265,"column":22},"end":{"line":265,"column":null}},"loc":{"start":{"line":268,"column":17},"end":{"line":295,"column":null}},"line":268},"23":{"name":"deleteWorkout","decl":{"start":{"line":297,"column":22},"end":{"line":297,"column":36}},"loc":{"start":{"line":297,"column":63},"end":{"line":308,"column":null}},"line":297},"24":{"name":"(anonymous_24)","decl":{"start":{"line":306,"column":20},"end":{"line":306,"column":21}},"loc":{"start":{"line":306,"column":33},"end":{"line":306,"column":71}},"line":306},"25":{"name":"createTrainingSession","decl":{"start":{"line":312,"column":22},"end":{"line":312,"column":null}},"loc":{"start":{"line":314,"column":19},"end":{"line":335,"column":null}},"line":314},"26":{"name":"getTrainingSession","decl":{"start":{"line":337,"column":22},"end":{"line":337,"column":null}},"loc":{"start":{"line":339,"column":40},"end":{"line":341,"column":null}},"line":339},"27":{"name":"getTrainingSessionsByWorkout","decl":{"start":{"line":343,"column":22},"end":{"line":343,"column":null}},"loc":{"start":{"line":345,"column":30},"end":{"line":347,"column":null}},"line":345},"28":{"name":"getTrainingSessionsByExercise","decl":{"start":{"line":349,"column":22},"end":{"line":349,"column":null}},"loc":{"start":{"line":351,"column":30},"end":{"line":357,"column":null}},"line":351},"29":{"name":"updateTrainingSession","decl":{"start":{"line":359,"column":22},"end":{"line":359,"column":null}},"loc":{"start":{"line":362,"column":17},"end":{"line":383,"column":null}},"line":362},"30":{"name":"deleteTrainingSession","decl":{"start":{"line":385,"column":22},"end":{"line":385,"column":44}},"loc":{"start":{"line":385,"column":71},"end":{"line":387,"column":null}},"line":385},"31":{"name":"createMesocycle","decl":{"start":{"line":391,"column":22},"end":{"line":391,"column":null}},"loc":{"start":{"line":393,"column":19},"end":{"line":430,"column":null}},"line":393},"32":{"name":"getMesocycle","decl":{"start":{"line":432,"column":22},"end":{"line":432,"column":35}},"loc":{"start":{"line":432,"column":79},"end":{"line":434,"column":null}},"line":432},"33":{"name":"getAllMesocycles","decl":{"start":{"line":436,"column":22},"end":{"line":436,"column":63}},"loc":{"start":{"line":436,"column":63},"end":{"line":438,"column":null}},"line":436},"34":{"name":"getActiveMesocycle","decl":{"start":{"line":440,"column":22},"end":{"line":440,"column":75}},"loc":{"start":{"line":440,"column":75},"end":{"line":442,"column":null}},"line":440},"35":{"name":"getMesocyclesByStatus","decl":{"start":{"line":444,"column":22},"end":{"line":444,"column":null}},"loc":{"start":{"line":446,"column":24},"end":{"line":452,"column":null}},"line":446},"36":{"name":"updateMesocycle","decl":{"start":{"line":454,"column":22},"end":{"line":454,"column":null}},"loc":{"start":{"line":457,"column":17},"end":{"line":482,"column":null}},"line":457},"37":{"name":"deleteMesocycle","decl":{"start":{"line":484,"column":22},"end":{"line":484,"column":38}},"loc":{"start":{"line":484,"column":65},"end":{"line":486,"column":null}},"line":484},"38":{"name":"clearAllData","decl":{"start":{"line":490,"column":22},"end":{"line":490,"column":52}},"loc":{"start":{"line":490,"column":52},"end":{"line":498,"column":null}},"line":490},"39":{"name":"getPreviousPerformance","decl":{"start":{"line":506,"column":22},"end":{"line":506,"column":45}},"loc":{"start":{"line":509,"column":10},"end":{"line":539,"column":null}},"line":509},"40":{"name":"(anonymous_40)","decl":{"start":{"line":513,"column":6},"end":{"line":513,"column":7}},"loc":{"start":{"line":514,"column":8},"end":{"line":515,"column":null}},"line":514},"41":{"name":"(anonymous_41)","decl":{"start":{"line":515,"column":31},"end":{"line":515,"column":32}},"loc":{"start":{"line":515,"column":39},"end":{"line":515,"column":67}},"line":515},"42":{"name":"(anonymous_42)","decl":{"start":{"line":524,"column":16},"end":{"line":524,"column":17}},"loc":{"start":{"line":524,"column":26},"end":{"line":524,"column":61}},"line":524},"43":{"name":"(anonymous_43)","decl":{"start":{"line":528,"column":4},"end":{"line":528,"column":5}},"loc":{"start":{"line":528,"column":12},"end":{"line":528,"column":null}},"line":528},"44":{"name":"createEmptySet","decl":{"start":{"line":545,"column":16},"end":{"line":545,"column":null}},"loc":{"start":{"line":549,"column":40},"end":{"line":563,"column":null}},"line":549},"45":{"name":"autoSaveWorkout","decl":{"start":{"line":569,"column":22},"end":{"line":569,"column":null}},"loc":{"start":{"line":571,"column":17},"end":{"line":583,"column":null}},"line":571},"46":{"name":"recoverActiveWorkout","decl":{"start":{"line":588,"column":16},"end":{"line":588,"column":null}},"loc":{"start":{"line":590,"column":9},"end":{"line":613,"column":null}},"line":590},"47":{"name":"(anonymous_47)","decl":{"start":{"line":600,"column":38},"end":{"line":600,"column":39}},"loc":{"start":{"line":600,"column":55},"end":{"line":606,"column":5}},"line":600},"48":{"name":"clearAutoSavedWorkout","decl":{"start":{"line":618,"column":16},"end":{"line":618,"column":46}},"loc":{"start":{"line":618,"column":46},"end":{"line":620,"column":null}},"line":618},"49":{"name":"getMesocycleWeekBounds","decl":{"start":{"line":627,"column":9},"end":{"line":627,"column":null}},"loc":{"start":{"line":630,"column":45},"end":{"line":651,"column":null}},"line":630},"50":{"name":"getSplitCompletionStatus","decl":{"start":{"line":657,"column":22},"end":{"line":657,"column":47}},"loc":{"start":{"line":663,"column":2},"end":{"line":698,"column":null}},"line":663},"51":{"name":"(anonymous_51)","decl":{"start":{"line":677,"column":6},"end":{"line":677,"column":7}},"loc":{"start":{"line":678,"column":8},"end":{"line":681,"column":null}},"line":678},"52":{"name":"(anonymous_52)","decl":{"start":{"line":686,"column":33},"end":{"line":686,"column":34}},"loc":{"start":{"line":686,"column":47},"end":{"line":697,"column":3}},"line":686},"53":{"name":"(anonymous_53)","decl":{"start":{"line":689,"column":14},"end":{"line":689,"column":15}},"loc":{"start":{"line":689,"column":21},"end":{"line":689,"column":49}},"line":689},"54":{"name":"(anonymous_54)","decl":{"start":{"line":690,"column":12},"end":{"line":690,"column":13}},"loc":{"start":{"line":690,"column":22},"end":{"line":690,"column":57}},"line":690},"55":{"name":"exportData","decl":{"start":{"line":700,"column":22},"end":{"line":700,"column":52}},"loc":{"start":{"line":700,"column":52},"end":{"line":712,"column":null}},"line":700},"56":{"name":"importData","decl":{"start":{"line":714,"column":22},"end":{"line":714,"column":33}},"loc":{"start":{"line":714,"column":66},"end":{"line":788,"column":null}},"line":714},"57":{"name":"(anonymous_57)","decl":{"start":{"line":720,"column":32},"end":{"line":720,"column":33}},"loc":{"start":{"line":720,"column":49},"end":{"line":728,"column":5}},"line":720},"58":{"name":"(anonymous_58)","decl":{"start":{"line":747,"column":29},"end":{"line":747,"column":30}},"loc":{"start":{"line":748,"column":4},"end":{"line":748,"column":null}},"line":748},"59":{"name":"getNextSplitDay","decl":{"start":{"line":796,"column":22},"end":{"line":796,"column":null}},"loc":{"start":{"line":798,"column":63},"end":{"line":810,"column":null}},"line":798},"60":{"name":"(anonymous_60)","decl":{"start":{"line":806,"column":12},"end":{"line":806,"column":13}},"loc":{"start":{"line":806,"column":19},"end":{"line":806,"column":63}},"line":806},"61":{"name":"startWorkoutFromSplit","decl":{"start":{"line":816,"column":22},"end":{"line":816,"column":null}},"loc":{"start":{"line":819,"column":46},"end":{"line":906,"column":null}},"line":819},"62":{"name":"(anonymous_62)","decl":{"start":{"line":825,"column":44},"end":{"line":825,"column":45}},"loc":{"start":{"line":825,"column":51},"end":{"line":825,"column":70}},"line":825}},"branchMap":{"0":{"loc":{"start":{"line":34,"column":2},"end":{"line":36,"column":null}},"type":"if","locations":[{"start":{"line":34,"column":2},"end":{"line":36,"column":null}},{"start":{},"end":{}}],"line":34},"1":{"loc":{"start":{"line":66,"column":2},"end":{"line":68,"column":null}},"type":"if","locations":[{"start":{"line":66,"column":2},"end":{"line":68,"column":null}},{"start":{},"end":{}}],"line":66},"2":{"loc":{"start":{"line":77,"column":2},"end":{"line":79,"column":null}},"type":"if","locations":[{"start":{"line":77,"column":2},"end":{"line":79,"column":null}},{"start":{},"end":{}}],"line":77},"3":{"loc":{"start":{"line":81,"column":2},"end":{"line":83,"column":null}},"type":"if","locations":[{"start":{"line":81,"column":2},"end":{"line":83,"column":null}},{"start":{},"end":{}}],"line":81},"4":{"loc":{"start":{"line":98,"column":2},"end":{"line":100,"column":null}},"type":"if","locations":[{"start":{"line":98,"column":2},"end":{"line":100,"column":null}},{"start":{},"end":{}}],"line":98},"5":{"loc":{"start":{"line":107,"column":15},"end":{"line":109,"column":null}},"type":"cond-expr","locations":[{"start":{"line":107,"column":24},"end":{"line":108,"column":null}},{"start":{"line":109,"column":8},"end":{"line":109,"column":null}}],"line":107},"6":{"loc":{"start":{"line":110,"column":11},"end":{"line":110,"column":null}},"type":"cond-expr","locations":[{"start":{"line":110,"column":20},"end":{"line":110,"column":61}},{"start":{"line":110,"column":61},"end":{"line":110,"column":null}}],"line":110},"7":{"loc":{"start":{"line":144,"column":2},"end":{"line":146,"column":null}},"type":"if","locations":[{"start":{"line":144,"column":2},"end":{"line":146,"column":null}},{"start":{},"end":{}}],"line":144},"8":{"loc":{"start":{"line":154,"column":2},"end":{"line":156,"column":null}},"type":"if","locations":[{"start":{"line":154,"column":2},"end":{"line":156,"column":null}},{"start":{},"end":{}}],"line":154},"9":{"loc":{"start":{"line":158,"column":2},"end":{"line":160,"column":null}},"type":"if","locations":[{"start":{"line":158,"column":2},"end":{"line":160,"column":null}},{"start":{},"end":{}}],"line":158},"10":{"loc":{"start":{"line":161,"column":2},"end":{"line":163,"column":null}},"type":"if","locations":[{"start":{"line":161,"column":2},"end":{"line":163,"column":null}},{"start":{},"end":{}}],"line":161},"11":{"loc":{"start":{"line":164,"column":2},"end":{"line":166,"column":null}},"type":"if","locations":[{"start":{"line":164,"column":2},"end":{"line":166,"column":null}},{"start":{},"end":{}}],"line":164},"12":{"loc":{"start":{"line":183,"column":2},"end":{"line":187,"column":null}},"type":"if","locations":[{"start":{"line":183,"column":2},"end":{"line":187,"column":null}},{"start":{},"end":{}}],"line":183},"13":{"loc":{"start":{"line":183,"column":6},"end":{"line":183,"column":72}},"type":"binary-expr","locations":[{"start":{"line":183,"column":6},"end":{"line":183,"column":34}},{"start":{"line":183,"column":34},"end":{"line":183,"column":72}}],"line":183},"14":{"loc":{"start":{"line":198,"column":2},"end":{"line":200,"column":null}},"type":"if","locations":[{"start":{"line":198,"column":2},"end":{"line":200,"column":null}},{"start":{},"end":{}}],"line":198},"15":{"loc":{"start":{"line":206,"column":2},"end":{"line":212,"column":null}},"type":"if","locations":[{"start":{"line":206,"column":2},"end":{"line":212,"column":null}},{"start":{},"end":{}}],"line":206},"16":{"loc":{"start":{"line":208,"column":4},"end":{"line":211,"column":null}},"type":"if","locations":[{"start":{"line":208,"column":4},"end":{"line":211,"column":null}},{"start":{},"end":{}}],"line":208},"17":{"loc":{"start":{"line":221,"column":11},"end":{"line":221,"column":null}},"type":"cond-expr","locations":[{"start":{"line":221,"column":19},"end":{"line":221,"column":59}},{"start":{"line":221,"column":59},"end":{"line":221,"column":null}}],"line":221},"18":{"loc":{"start":{"line":232,"column":2},"end":{"line":234,"column":null}},"type":"if","locations":[{"start":{"line":232,"column":2},"end":{"line":234,"column":null}},{"start":{},"end":{}}],"line":232},"19":{"loc":{"start":{"line":232,"column":6},"end":{"line":232,"column":54}},"type":"binary-expr","locations":[{"start":{"line":232,"column":6},"end":{"line":232,"column":30}},{"start":{"line":232,"column":30},"end":{"line":232,"column":54}}],"line":232},"20":{"loc":{"start":{"line":270,"column":2},"end":{"line":272,"column":null}},"type":"if","locations":[{"start":{"line":270,"column":2},"end":{"line":272,"column":null}},{"start":{},"end":{}}],"line":270},"21":{"loc":{"start":{"line":281,"column":2},"end":{"line":283,"column":null}},"type":"if","locations":[{"start":{"line":281,"column":2},"end":{"line":283,"column":null}},{"start":{},"end":{}}],"line":281},"22":{"loc":{"start":{"line":285,"column":2},"end":{"line":287,"column":null}},"type":"if","locations":[{"start":{"line":285,"column":2},"end":{"line":287,"column":null}},{"start":{},"end":{}}],"line":285},"23":{"loc":{"start":{"line":292,"column":2},"end":{"line":294,"column":null}},"type":"if","locations":[{"start":{"line":292,"column":2},"end":{"line":294,"column":null}},{"start":{},"end":{}}],"line":292},"24":{"loc":{"start":{"line":292,"column":6},"end":{"line":292,"column":62}},"type":"binary-expr","locations":[{"start":{"line":292,"column":6},"end":{"line":292,"column":34}},{"start":{"line":292,"column":34},"end":{"line":292,"column":62}}],"line":292},"25":{"loc":{"start":{"line":316,"column":2},"end":{"line":318,"column":null}},"type":"if","locations":[{"start":{"line":316,"column":2},"end":{"line":318,"column":null}},{"start":{},"end":{}}],"line":316},"26":{"loc":{"start":{"line":329,"column":11},"end":{"line":329,"column":null}},"type":"cond-expr","locations":[{"start":{"line":329,"column":19},"end":{"line":329,"column":59}},{"start":{"line":329,"column":59},"end":{"line":329,"column":null}}],"line":329},"27":{"loc":{"start":{"line":364,"column":2},"end":{"line":366,"column":null}},"type":"if","locations":[{"start":{"line":364,"column":2},"end":{"line":366,"column":null}},{"start":{},"end":{}}],"line":364},"28":{"loc":{"start":{"line":374,"column":2},"end":{"line":376,"column":null}},"type":"if","locations":[{"start":{"line":374,"column":2},"end":{"line":376,"column":null}},{"start":{},"end":{}}],"line":374},"29":{"loc":{"start":{"line":378,"column":2},"end":{"line":380,"column":null}},"type":"if","locations":[{"start":{"line":378,"column":2},"end":{"line":380,"column":null}},{"start":{},"end":{}}],"line":378},"30":{"loc":{"start":{"line":395,"column":2},"end":{"line":397,"column":null}},"type":"if","locations":[{"start":{"line":395,"column":2},"end":{"line":397,"column":null}},{"start":{},"end":{}}],"line":395},"31":{"loc":{"start":{"line":400,"column":2},"end":{"line":410,"column":null}},"type":"if","locations":[{"start":{"line":400,"column":2},"end":{"line":410,"column":null}},{"start":{},"end":{}}],"line":400},"32":{"loc":{"start":{"line":405,"column":4},"end":{"line":409,"column":null}},"type":"if","locations":[{"start":{"line":405,"column":4},"end":{"line":409,"column":null}},{"start":{},"end":{}}],"line":405},"33":{"loc":{"start":{"line":421,"column":15},"end":{"line":421,"column":null}},"type":"binary-expr","locations":[{"start":{"line":421,"column":15},"end":{"line":421,"column":38}},{"start":{"line":421,"column":38},"end":{"line":421,"column":null}}],"line":421},"34":{"loc":{"start":{"line":423,"column":11},"end":{"line":423,"column":null}},"type":"cond-expr","locations":[{"start":{"line":423,"column":21},"end":{"line":423,"column":63}},{"start":{"line":423,"column":63},"end":{"line":423,"column":null}}],"line":423},"35":{"loc":{"start":{"line":459,"column":2},"end":{"line":461,"column":null}},"type":"if","locations":[{"start":{"line":459,"column":2},"end":{"line":461,"column":null}},{"start":{},"end":{}}],"line":459},"36":{"loc":{"start":{"line":470,"column":2},"end":{"line":472,"column":null}},"type":"if","locations":[{"start":{"line":470,"column":2},"end":{"line":472,"column":null}},{"start":{},"end":{}}],"line":470},"37":{"loc":{"start":{"line":474,"column":2},"end":{"line":476,"column":null}},"type":"if","locations":[{"start":{"line":474,"column":2},"end":{"line":476,"column":null}},{"start":{},"end":{}}],"line":474},"38":{"loc":{"start":{"line":477,"column":2},"end":{"line":479,"column":null}},"type":"if","locations":[{"start":{"line":477,"column":2},"end":{"line":479,"column":null}},{"start":{},"end":{}}],"line":477},"39":{"loc":{"start":{"line":514,"column":8},"end":{"line":515,"column":null}},"type":"binary-expr","locations":[{"start":{"line":514,"column":8},"end":{"line":514,"column":null}},{"start":{"line":515,"column":8},"end":{"line":515,"column":null}}],"line":514},"40":{"loc":{"start":{"line":519,"column":2},"end":{"line":521,"column":null}},"type":"if","locations":[{"start":{"line":519,"column":2},"end":{"line":521,"column":null}},{"start":{},"end":{}}],"line":519},"41":{"loc":{"start":{"line":531,"column":2},"end":{"line":533,"column":null}},"type":"if","locations":[{"start":{"line":531,"column":2},"end":{"line":533,"column":null}},{"start":{},"end":{}}],"line":531},"42":{"loc":{"start":{"line":551,"column":22},"end":{"line":551,"column":null}},"type":"binary-expr","locations":[{"start":{"line":551,"column":22},"end":{"line":551,"column":49}},{"start":{"line":551,"column":49},"end":{"line":551,"column":76}},{"start":{"line":551,"column":76},"end":{"line":551,"column":null}}],"line":551},"43":{"loc":{"start":{"line":559,"column":12},"end":{"line":559,"column":null}},"type":"binary-expr","locations":[{"start":{"line":559,"column":12},"end":{"line":559,"column":35}},{"start":{"line":559,"column":35},"end":{"line":559,"column":null}}],"line":559},"44":{"loc":{"start":{"line":577,"column":4},"end":{"line":579,"column":null}},"type":"if","locations":[{"start":{"line":577,"column":4},"end":{"line":579,"column":null}},{"start":{},"end":{}}],"line":577},"45":{"loc":{"start":{"line":577,"column":8},"end":{"line":577,"column":63}},"type":"binary-expr","locations":[{"start":{"line":577,"column":8},"end":{"line":577,"column":22}},{"start":{"line":577,"column":22},"end":{"line":577,"column":63}}],"line":577},"46":{"loc":{"start":{"line":593,"column":4},"end":{"line":595,"column":null}},"type":"if","locations":[{"start":{"line":593,"column":4},"end":{"line":595,"column":null}},{"start":{},"end":{}}],"line":593},"47":{"loc":{"start":{"line":602,"column":6},"end":{"line":604,"column":null}},"type":"if","locations":[{"start":{"line":602,"column":6},"end":{"line":604,"column":null}},{"start":{},"end":{}}],"line":602},"48":{"loc":{"start":{"line":602,"column":10},"end":{"line":602,"column":67}},"type":"binary-expr","locations":[{"start":{"line":602,"column":10},"end":{"line":602,"column":39}},{"start":{"line":602,"column":39},"end":{"line":602,"column":67}}],"line":602},"49":{"loc":{"start":{"line":631,"column":2},"end":{"line":633,"column":null}},"type":"if","locations":[{"start":{"line":631,"column":2},"end":{"line":633,"column":null}},{"start":{},"end":{}}],"line":631},"50":{"loc":{"start":{"line":631,"column":6},"end":{"line":631,"column":62}},"type":"binary-expr","locations":[{"start":{"line":631,"column":6},"end":{"line":631,"column":24}},{"start":{"line":631,"column":24},"end":{"line":631,"column":62}}],"line":631},"51":{"loc":{"start":{"line":665,"column":2},"end":{"line":667,"column":null}},"type":"if","locations":[{"start":{"line":665,"column":2},"end":{"line":667,"column":null}},{"start":{},"end":{}}],"line":665},"52":{"loc":{"start":{"line":670,"column":2},"end":{"line":672,"column":null}},"type":"if","locations":[{"start":{"line":670,"column":2},"end":{"line":672,"column":null}},{"start":{},"end":{}}],"line":670},"53":{"loc":{"start":{"line":678,"column":8},"end":{"line":681,"column":null}},"type":"binary-expr","locations":[{"start":{"line":678,"column":8},"end":{"line":678,"column":null}},{"start":{"line":679,"column":8},"end":{"line":679,"column":null}},{"start":{"line":680,"column":8},"end":{"line":680,"column":null}},{"start":{"line":681,"column":8},"end":{"line":681,"column":null}}],"line":678},"54":{"loc":{"start":{"line":721,"column":6},"end":{"line":726,"column":null}},"type":"if","locations":[{"start":{"line":721,"column":6},"end":{"line":726,"column":null}},{"start":{},"end":{}}],"line":721},"55":{"loc":{"start":{"line":721,"column":10},"end":{"line":721,"column":65}},"type":"binary-expr","locations":[{"start":{"line":721,"column":10},"end":{"line":721,"column":39}},{"start":{"line":721,"column":39},"end":{"line":721,"column":65}}],"line":721},"56":{"loc":{"start":{"line":723,"column":8},"end":{"line":725,"column":null}},"type":"if","locations":[{"start":{"line":723,"column":8},"end":{"line":725,"column":null}},{"start":{},"end":{}}],"line":723},"57":{"loc":{"start":{"line":734,"column":2},"end":{"line":736,"column":null}},"type":"if","locations":[{"start":{"line":734,"column":2},"end":{"line":736,"column":null}},{"start":{},"end":{}}],"line":734},"58":{"loc":{"start":{"line":734,"column":6},"end":{"line":734,"column":41}},"type":"binary-expr","locations":[{"start":{"line":734,"column":6},"end":{"line":734,"column":15}},{"start":{"line":734,"column":15},"end":{"line":734,"column":41}}],"line":734},"59":{"loc":{"start":{"line":748,"column":4},"end":{"line":748,"column":null}},"type":"binary-expr","locations":[{"start":{"line":748,"column":4},"end":{"line":748,"column":27}},{"start":{"line":748,"column":27},"end":{"line":748,"column":null}}],"line":748},"60":{"loc":{"start":{"line":750,"column":2},"end":{"line":760,"column":null}},"type":"if","locations":[{"start":{"line":750,"column":2},"end":{"line":760,"column":null}},{"start":{},"end":{}}],"line":750},"61":{"loc":{"start":{"line":751,"column":4},"end":{"line":755,"column":null}},"type":"binary-expr","locations":[{"start":{"line":751,"column":4},"end":{"line":751,"column":null}},{"start":{"line":752,"column":4},"end":{"line":752,"column":null}},{"start":{"line":753,"column":4},"end":{"line":753,"column":null}},{"start":{"line":754,"column":4},"end":{"line":754,"column":null}},{"start":{"line":755,"column":4},"end":{"line":755,"column":null}}],"line":751},"62":{"loc":{"start":{"line":762,"column":28},"end":{"line":762,"column":null}},"type":"binary-expr","locations":[{"start":{"line":762,"column":28},"end":{"line":762,"column":74}},{"start":{"line":762,"column":74},"end":{"line":762,"column":null}}],"line":762},"63":{"loc":{"start":{"line":763,"column":25},"end":{"line":763,"column":null}},"type":"binary-expr","locations":[{"start":{"line":763,"column":25},"end":{"line":763,"column":65}},{"start":{"line":763,"column":65},"end":{"line":763,"column":null}}],"line":763},"64":{"loc":{"start":{"line":764,"column":24},"end":{"line":764,"column":null}},"type":"binary-expr","locations":[{"start":{"line":764,"column":24},"end":{"line":764,"column":62}},{"start":{"line":764,"column":62},"end":{"line":764,"column":null}}],"line":764},"65":{"loc":{"start":{"line":766,"column":5},"end":{"line":766,"column":null}},"type":"binary-expr","locations":[{"start":{"line":766,"column":5},"end":{"line":766,"column":59}},{"start":{"line":766,"column":59},"end":{"line":766,"column":null}}],"line":766},"66":{"loc":{"start":{"line":767,"column":26},"end":{"line":767,"column":null}},"type":"binary-expr","locations":[{"start":{"line":767,"column":26},"end":{"line":767,"column":68}},{"start":{"line":767,"column":68},"end":{"line":767,"column":null}}],"line":767},"67":{"loc":{"start":{"line":773,"column":2},"end":{"line":775,"column":null}},"type":"if","locations":[{"start":{"line":773,"column":2},"end":{"line":775,"column":null}},{"start":{},"end":{}}],"line":773},"68":{"loc":{"start":{"line":776,"column":2},"end":{"line":778,"column":null}},"type":"if","locations":[{"start":{"line":776,"column":2},"end":{"line":778,"column":null}},{"start":{},"end":{}}],"line":776},"69":{"loc":{"start":{"line":779,"column":2},"end":{"line":781,"column":null}},"type":"if","locations":[{"start":{"line":779,"column":2},"end":{"line":781,"column":null}},{"start":{},"end":{}}],"line":779},"70":{"loc":{"start":{"line":782,"column":2},"end":{"line":784,"column":null}},"type":"if","locations":[{"start":{"line":782,"column":2},"end":{"line":784,"column":null}},{"start":{},"end":{}}],"line":782},"71":{"loc":{"start":{"line":785,"column":2},"end":{"line":787,"column":null}},"type":"if","locations":[{"start":{"line":785,"column":2},"end":{"line":787,"column":null}},{"start":{},"end":{}}],"line":785},"72":{"loc":{"start":{"line":800,"column":2},"end":{"line":802,"column":null}},"type":"if","locations":[{"start":{"line":800,"column":2},"end":{"line":802,"column":null}},{"start":{},"end":{}}],"line":800},"73":{"loc":{"start":{"line":806,"column":19},"end":{"line":806,"column":63}},"type":"binary-expr","locations":[{"start":{"line":806,"column":19},"end":{"line":806,"column":52}},{"start":{"line":806,"column":52},"end":{"line":806,"column":63}}],"line":806},"74":{"loc":{"start":{"line":821,"column":2},"end":{"line":823,"column":null}},"type":"if","locations":[{"start":{"line":821,"column":2},"end":{"line":823,"column":null}},{"start":{},"end":{}}],"line":821},"75":{"loc":{"start":{"line":826,"column":2},"end":{"line":830,"column":null}},"type":"if","locations":[{"start":{"line":826,"column":2},"end":{"line":830,"column":null}},{"start":{},"end":{}}],"line":826},"76":{"loc":{"start":{"line":842,"column":4},"end":{"line":848,"column":null}},"type":"if","locations":[{"start":{"line":842,"column":4},"end":{"line":848,"column":null}},{"start":{},"end":{}}],"line":842},"77":{"loc":{"start":{"line":860,"column":23},"end":{"line":862,"column":null}},"type":"cond-expr","locations":[{"start":{"line":861,"column":8},"end":{"line":861,"column":null}},{"start":{"line":862,"column":8},"end":{"line":862,"column":null}}],"line":860},"78":{"loc":{"start":{"line":866,"column":8},"end":{"line":869,"column":null}},"type":"binary-expr","locations":[{"start":{"line":866,"column":8},"end":{"line":869,"column":13}},{"start":{"line":869,"column":13},"end":{"line":869,"column":null}}],"line":866},"79":{"loc":{"start":{"line":877,"column":16},"end":{"line":877,"column":null}},"type":"binary-expr","locations":[{"start":{"line":877,"column":16},"end":{"line":877,"column":39}},{"start":{"line":877,"column":39},"end":{"line":877,"column":null}}],"line":877},"80":{"loc":{"start":{"line":894,"column":17},"end":{"line":894,"column":null}},"type":"binary-expr","locations":[{"start":{"line":894,"column":17},"end":{"line":894,"column":47}},{"start":{"line":894,"column":47},"end":{"line":894,"column":null}}],"line":894}},"s":{"0":5,"1":5,"2":1,"3":4,"4":4,"5":4,"6":4,"7":0,"8":2,"9":2,"10":1,"11":1,"12":1,"13":1,"14":0,"15":1,"16":1,"17":1,"18":1,"19":14,"20":14,"21":1,"22":13,"23":14,"24":13,"25":5,"26":2,"27":0,"28":0,"29":0,"30":2,"31":2,"32":1,"33":1,"34":1,"35":1,"36":0,"37":1,"38":1,"39":1,"40":0,"41":1,"42":0,"43":1,"44":1,"45":0,"46":0,"47":1,"48":1,"49":0,"50":1,"51":10,"52":10,"53":2,"54":8,"55":8,"56":8,"57":6,"58":6,"59":0,"60":0,"61":8,"62":10,"63":8,"64":2,"65":8,"66":7,"67":1,"68":0,"69":0,"70":0,"71":0,"72":0,"73":2,"74":2,"75":0,"76":2,"77":2,"78":2,"79":0,"80":2,"81":1,"82":2,"83":2,"84":0,"85":2,"86":2,"87":0,"88":0,"89":0,"90":0,"91":0,"92":0,"93":0,"94":0,"95":0,"96":0,"97":0,"98":0,"99":0,"100":0,"101":0,"102":0,"103":0,"104":0,"105":0,"106":0,"107":0,"108":13,"109":13,"110":2,"111":11,"112":10,"113":10,"114":0,"115":11,"116":13,"117":11,"118":4,"119":0,"120":0,"121":0,"122":4,"123":4,"124":1,"125":3,"126":3,"127":3,"128":0,"129":3,"130":3,"131":3,"132":0,"133":3,"134":1,"135":0,"136":0,"137":0,"138":0,"139":0,"140":0,"141":0,"142":0,"143":0,"144":0,"145":0,"146":0,"147":0,"148":0,"149":0,"150":0,"151":0,"152":0,"153":0,"154":0,"155":0,"156":0,"157":0,"158":0,"159":0,"160":0,"161":0,"162":0,"163":0,"164":0,"165":0,"166":0,"167":0,"168":0,"169":0,"170":0,"171":0,"172":0,"173":0,"174":0,"175":0,"176":0,"177":0,"178":0,"179":0,"180":0,"181":0,"182":0,"183":0,"184":0,"185":0,"186":0,"187":0,"188":0,"189":0,"190":0,"191":0,"192":0,"193":0,"194":0,"195":0,"196":0,"197":0,"198":0,"199":0,"200":0,"201":0,"202":0,"203":0,"204":0,"205":0,"206":0,"207":0,"208":0,"209":0,"210":0,"211":0,"212":0,"213":0,"214":0,"215":0,"216":0,"217":0,"218":0,"219":0,"220":0,"221":0,"222":0,"223":0,"224":0,"225":0,"226":0,"227":0,"228":0,"229":0,"230":0,"231":0,"232":0,"233":0,"234":0,"235":0,"236":0,"237":0,"238":0,"239":0,"240":0,"241":0,"242":0,"243":0,"244":0,"245":0,"246":0,"247":0,"248":0,"249":0,"250":0,"251":0,"252":0,"253":0,"254":0,"255":0,"256":0,"257":0,"258":0},"f":{"0":5,"1":4,"2":0,"3":2,"4":1,"5":14,"6":5,"7":2,"8":0,"9":0,"10":0,"11":2,"12":1,"13":0,"14":0,"15":10,"16":7,"17":1,"18":0,"19":0,"20":0,"21":0,"22":2,"23":2,"24":0,"25":0,"26":0,"27":0,"28":0,"29":0,"30":0,"31":13,"32":4,"33":0,"34":0,"35":0,"36":4,"37":1,"38":0,"39":0,"40":0,"41":0,"42":0,"43":0,"44":0,"45":0,"46":0,"47":0,"48":0,"49":0,"50":0,"51":0,"52":0,"53":0,"54":0,"55":0,"56":0,"57":0,"58":0,"59":0,"60":0,"61":0,"62":0},"b":{"0":[1,4],"1":[1,1],"2":[0,1],"3":[1,0],"4":[1,13],"5":[0,13],"6":[0,13],"7":[1,1],"8":[0,1],"9":[1,0],"10":[0,1],"11":[0,1],"12":[0,1],"13":[1,1],"14":[2,8],"15":[6,2],"16":[0,6],"17":[0,8],"18":[2,6],"19":[8,7],"20":[0,2],"21":[0,2],"22":[1,1],"23":[0,2],"24":[2,2],"25":[0,0],"26":[0,0],"27":[0,0],"28":[0,0],"29":[0,0],"30":[2,11],"31":[10,1],"32":[0,10],"33":[11,0],"34":[0,11],"35":[1,3],"36":[0,3],"37":[3,0],"38":[0,3],"39":[0,0],"40":[0,0],"41":[0,0],"42":[0,0,0],"43":[0,0],"44":[0,0],"45":[0,0],"46":[0,0],"47":[0,0],"48":[0,0],"49":[0,0],"50":[0,0],"51":[0,0],"52":[0,0],"53":[0,0,0,0],"54":[0,0],"55":[0,0],"56":[0,0],"57":[0,0],"58":[0,0],"59":[0,0],"60":[0,0],"61":[0,0,0,0,0],"62":[0,0],"63":[0,0],"64":[0,0],"65":[0,0],"66":[0,0],"67":[0,0],"68":[0,0],"69":[0,0],"70":[0,0],"71":[0,0],"72":[0,0],"73":[0,0],"74":[0,0],"75":[0,0],"76":[0,0],"77":[0,0],"78":[0,0],"79":[0,0],"80":[0,0]},"meta":{"lastBranch":81,"lastFunction":63,"lastStatement":259,"seen":{"f:30:22:30:Infinity":0,"s:33:8:33:Infinity":0,"b:34:2:36:Infinity:undefined:undefined:undefined:undefined":0,"s:34:2:36:Infinity":1,"s:35:4:35:Infinity":2,"s:38:34:45:Infinity":3,"s:47:2:47:Infinity":4,"s:48:2:48:Infinity":5,"f:51:22:51:Infinity":1,"s:54:2:54:Infinity":6,"f:57:22:57:67":2,"s:58:2:58:Infinity":7,"f:61:22:61:Infinity":3,"s:65:19:65:Infinity":8,"b:66:2:68:Infinity:undefined:undefined:undefined:undefined":1,"s:66:2:68:Infinity":9,"s:67:4:67:Infinity":10,"s:70:25:74:Infinity":11,"s:76:8:76:Infinity":12,"b:77:2:79:Infinity:undefined:undefined:undefined:undefined":2,"s:77:2:79:Infinity":13,"s:78:4:78:Infinity":14,"b:81:2:83:Infinity:undefined:undefined:undefined:undefined":3,"s:81:2:83:Infinity":15,"s:82:4:82:Infinity":16,"s:85:2:85:Infinity":17,"f:88:22:88:40":4,"s:89:2:89:Infinity":18,"f:94:22:94:Infinity":5,"s:97:8:97:Infinity":19,"b:98:2:100:Infinity:undefined:undefined:undefined:undefined":4,"s:98:2:100:Infinity":20,"s:99:4:99:Infinity":21,"s:102:32:113:Infinity":22,"b:107:24:108:Infinity:109:8:109:Infinity":5,"b:110:20:110:61:110:61:110:Infinity":6,"s:115:2:115:Infinity":23,"s:116:2:116:Infinity":24,"f:119:22:119:34":6,"s:120:2:120:Infinity":25,"f:123:22:123:61":7,"s:124:2:124:Infinity":26,"f:127:22:127:Infinity":8,"s:130:2:130:Infinity":27,"f:133:22:133:64":9,"s:134:2:136:Infinity":28,"f:135:12:135:13":10,"s:135:26:135:52":29,"f:139:22:139:Infinity":11,"s:143:19:143:Infinity":30,"b:144:2:146:Infinity:undefined:undefined:undefined:undefined":7,"s:144:2:146:Infinity":31,"s:145:4:145:Infinity":32,"s:148:26:151:Infinity":33,"s:153:8:153:Infinity":34,"b:154:2:156:Infinity:undefined:undefined:undefined:undefined":8,"s:154:2:156:Infinity":35,"s:155:4:155:Infinity":36,"b:158:2:160:Infinity:undefined:undefined:undefined:undefined":9,"s:158:2:160:Infinity":37,"s:159:4:159:Infinity":38,"b:161:2:163:Infinity:undefined:undefined:undefined:undefined":10,"s:161:2:163:Infinity":39,"s:162:4:162:Infinity":40,"b:164:2:166:Infinity:undefined:undefined:undefined:undefined":11,"s:164:2:166:Infinity":41,"s:165:4:165:Infinity":42,"s:168:2:168:Infinity":43,"f:171:22:171:37":12,"s:174:31:176:Infinity":44,"f:175:12:175:13":13,"s:175:25:175:77":45,"f:175:48:175:49":14,"s:175:56:175:76":46,"s:178:43:181:Infinity":47,"b:183:2:187:Infinity:undefined:undefined:undefined:undefined":12,"s:183:2:187:Infinity":48,"b:183:6:183:34:183:34:183:72":13,"s:184:4:186:Infinity":49,"s:189:2:189:Infinity":50,"f:194:22:194:Infinity":15,"s:197:8:197:Infinity":51,"b:198:2:200:Infinity:undefined:undefined:undefined:undefined":14,"s:198:2:200:Infinity":52,"s:199:4:199:Infinity":53,"s:203:20:203:Infinity":54,"s:204:19:204:Infinity":55,"b:206:2:212:Infinity:undefined:undefined:undefined:undefined":15,"s:206:2:212:Infinity":56,"s:207:26:207:Infinity":57,"b:208:4:211:Infinity:undefined:undefined:undefined:undefined":16,"s:208:4:211:Infinity":58,"s:209:6:209:Infinity":59,"s:210:6:210:Infinity":60,"s:214:30:227:Infinity":61,"b:221:19:221:59:221:59:221:Infinity":17,"s:229:2:229:Infi
[...]
,"column":null}},{"start":{"line":306,"column":4},"end":{"line":312,"column":null}}],"line":305},"73":{"loc":{"start":{"line":317,"column":2},"end":{"line":322,"column":null}},"type":"if","locations":[{"start":{"line":317,"column":2},"end":{"line":322,"column":null}},{"start":{},"end":{}}],"line":317},"74":{"loc":{"start":{"line":318,"column":4},"end":{"line":319,"column":null}},"type":"binary-expr","locations":[{"start":{"line":318,"column":4},"end":{"line":318,"column":null}},{"start":{"line":319,"column":4},"end":{"line":319,"column":null}}],"line":318},"75":{"loc":{"start":{"line":324,"column":2},"end":{"line":337,"column":null}},"type":"if","locations":[{"start":{"line":324,"column":2},"end":{"line":337,"column":null}},{"start":{"line":326,"column":2},"end":{"line":337,"column":null}}],"line":324},"76":{"loc":{"start":{"line":326,"column":2},"end":{"line":337,"column":null}},"type":"if","locations":[{"start":{"line":326,"column":2},"end":{"line":337,"column":null}},{"start":{"line":328,"column":9},"end":{"line":337,"column":null}}],"line":326},"77":{"loc":{"start":{"line":331,"column":6},"end":{"line":335,"column":null}},"type":"if","locations":[{"start":{"line":331,"column":6},"end":{"line":335,"column":null}},{"start":{},"end":{}}],"line":331},"78":{"loc":{"start":{"line":344,"column":21},"end":{"line":344,"column":34}},"type":"binary-expr","locations":[{"start":{"line":344,"column":21},"end":{"line":344,"column":30}},{"start":{"line":344,"column":30},"end":{"line":344,"column":34}}],"line":344},"79":{"loc":{"start":{"line":348,"column":4},"end":{"line":361,"column":null}},"type":"switch","locations":[{"start":{"line":349,"column":6},"end":{"line":350,"column":null}},{"start":{"line":351,"column":6},"end":{"line":352,"column":null}},{"start":{"line":353,"column":6},"end":{"line":354,"column":null}},{"start":{"line":355,"column":6},"end":{"line":356,"column":null}},{"start":{"line":357,"column":6},"end":{"line":358,"column":null}},{"start":{"line":359,"column":6},"end":{"line":360,"column":null}}],"line":348},"80":{"loc":{"start":{"line":382,"column":2},"end":{"line":384,"column":null}},"type":"if","locations":[{"start":{"line":382,"column":2},"end":{"line":384,"column":null}},{"start":{},"end":{}}],"line":382},"81":{"loc":{"start":{"line":382,"column":6},"end":{"line":382,"column":71}},"type":"binary-expr","locations":[{"start":{"line":382,"column":6},"end":{"line":382,"column":30}},{"start":{"line":382,"column":30},"end":{"line":382,"column":71}}],"line":382},"82":{"loc":{"start":{"line":386,"column":2},"end":{"line":388,"column":null}},"type":"if","locations":[{"start":{"line":386,"column":2},"end":{"line":388,"column":null}},{"start":{},"end":{}}],"line":386},"83":{"loc":{"start":{"line":386,"column":6},"end":{"line":386,"column":58}},"type":"binary-expr","locations":[{"start":{"line":386,"column":6},"end":{"line":386,"column":38}},{"start":{"line":386,"column":38},"end":{"line":386,"column":58}}],"line":386},"84":{"loc":{"start":{"line":390,"column":2},"end":{"line":395,"column":null}},"type":"if","locations":[{"start":{"line":390,"column":2},"end":{"line":395,"column":null}},{"start":{},"end":{}}],"line":390},"85":{"loc":{"start":{"line":391,"column":4},"end":{"line":392,"column":null}},"type":"binary-expr","locations":[{"start":{"line":391,"column":4},"end":{"line":391,"column":null}},{"start":{"line":392,"column":5},"end":{"line":392,"column":32}},{"start":{"line":392,"column":32},"end":{"line":392,"column":null}}],"line":391},"86":{"loc":{"start":{"line":397,"column":2},"end":{"line":402,"column":null}},"type":"if","locations":[{"start":{"line":397,"column":2},"end":{"line":402,"column":null}},{"start":{},"end":{}}],"line":397},"87":{"loc":{"start":{"line":398,"column":4},"end":{"line":399,"column":null}},"type":"binary-expr","locations":[{"start":{"line":398,"column":4},"end":{"line":398,"column":null}},{"start":{"line":399,"column":5},"end":{"line":399,"column":35}},{"start":{"line":399,"column":35},"end":{"line":399,"column":null}}],"line":398},"88":{"loc":{"start":{"line":404,"column":2},"end":{"line":409,"column":null}},"type":"if","locations":[{"start":{"line":404,"column":2},"end":{"line":409,"column":null}},{"start":{},"end":{}}],"line":404},"89":{"loc":{"start":{"line":405,"column":4},"end":{"line":406,"column":null}},"type":"binary-expr","locations":[{"start":{"line":405,"column":4},"end":{"line":405,"column":null}},{"start":{"line":406,"column":5},"end":{"line":406,"column":35}},{"start":{"line":406,"column":35},"end":{"line":406,"column":null}}],"line":405},"90":{"loc":{"start":{"line":411,"column":2},"end":{"line":417,"column":null}},"type":"if","locations":[{"start":{"line":411,"column":2},"end":{"line":417,"column":null}},{"start":{},"end":{}}],"line":411},"91":{"loc":{"start":{"line":412,"column":4},"end":{"line":414,"column":null}},"type":"binary-expr","locations":[{"start":{"line":412,"column":4},"end":{"line":412,"column":null}},{"start":{"line":413,"column":4},"end":{"line":413,"column":null}},{"start":{"line":414,"column":4},"end":{"line":414,"column":null}}],"line":412},"92":{"loc":{"start":{"line":419,"column":2},"end":{"line":424,"column":null}},"type":"if","locations":[{"start":{"line":419,"column":2},"end":{"line":424,"column":null}},{"start":{},"end":{}}],"line":419},"93":{"loc":{"start":{"line":420,"column":4},"end":{"line":421,"column":null}},"type":"binary-expr","locations":[{"start":{"line":420,"column":4},"end":{"line":420,"column":null}},{"start":{"line":421,"column":5},"end":{"line":421,"column":33}},{"start":{"line":421,"column":33},"end":{"line":421,"column":null}}],"line":420},"94":{"loc":{"start":{"line":438,"column":2},"end":{"line":440,"column":null}},"type":"if","locations":[{"start":{"line":438,"column":2},"end":{"line":440,"column":null}},{"start":{},"end":{}}],"line":438},"95":{"loc":{"start":{"line":438,"column":6},"end":{"line":438,"column":59}},"type":"binary-expr","locations":[{"start":{"line":438,"column":6},"end":{"line":438,"column":24}},{"start":{"line":438,"column":24},"end":{"line":438,"column":59}}],"line":438},"96":{"loc":{"start":{"line":442,"column":2},"end":{"line":444,"column":null}},"type":"if","locations":[{"start":{"line":442,"column":2},"end":{"line":444,"column":null}},{"start":{},"end":{}}],"line":442},"97":{"loc":{"start":{"line":442,"column":6},"end":{"line":442,"column":50}},"type":"binary-expr","locations":[{"start":{"line":442,"column":6},"end":{"line":442,"column":23}},{"start":{"line":442,"column":23},"end":{"line":442,"column":50}}],"line":442},"98":{"loc":{"start":{"line":446,"column":2},"end":{"line":448,"column":null}},"type":"if","locations":[{"start":{"line":446,"column":2},"end":{"line":448,"column":null}},{"start":{},"end":{}}],"line":446},"99":{"loc":{"start":{"line":446,"column":6},"end":{"line":446,"column":64}},"type":"binary-expr","locations":[{"start":{"line":446,"column":6},"end":{"line":446,"column":41}},{"start":{"line":446,"column":41},"end":{"line":446,"column":64}}],"line":446},"100":{"loc":{"start":{"line":450,"column":2},"end":{"line":459,"column":null}},"type":"if","locations":[{"start":{"line":450,"column":2},"end":{"line":459,"column":null}},{"start":{},"end":{}}],"line":450},"101":{"loc":{"start":{"line":453,"column":6},"end":{"line":457,"column":null}},"type":"if","locations":[{"start":{"line":453,"column":6},"end":{"line":457,"column":null}},{"start":{},"end":{}}],"line":453}},"s":{"0":33,"1":33,"2":16,"3":12,"4":13,"5":29,"6":13,"7":13,"8":3,"9":13,"10":1,"11":13,"12":1,"13":13,"14":1,"15":13,"16":1,"17":13,"18":21,"19":21,"20":2,"21":21,"22":1,"23":21,"24":1,"25":21,"26":1,"27":21,"28":21,"29":26,"30":21,"31":1,"32":21,"33":8,"34":8,"35":1,"36":8,"37":1,"38":8,"39":1,"40":8,"41":1,"42":8,"43":1,"44":8,"45":1,"46":8,"47":1,"48":8,"49":19,"50":19,"51":1,"52":19,"53":18,"54":18,"55":18,"56":2,"57":19,"58":3,"59":19,"60":1,"61":19,"62":1,"63":19,"64":8,"65":8,"66":1,"67":8,"68":1,"69":8,"70":1,"71":8,"72":1,"73":8,"74":1,"75":8,"76":1,"77":8,"78":1,"79":8,"80":27,"81":27,"82":2,"83":27,"84":1,"85":27,"86":1,"87":27,"88":1,"89":27,"90":25,"91":2,"92":27,"93":1,"94":27,"95":1,"96":27,"97":0,"98":27,"99":1,"100":27,"101":1,"102":27,"103":1,"104":26,"105":0,"106":26,"107":16,"108":16,"109":0,"110":27,"111":39,"112":39,"113":18,"114":1,"115":6,"116":6,"117":4,"118":1,"119":0,"120":6,"121":8,"122":8,"123":2,"124":8,"125":0,"126":8,"127":1,"128":8,"129":0,"130":8,"131":0,"132":8,"133":1,"134":8,"135":1,"136":8,"137":21,"138":21,"139":1,"140":21,"141":1,"142":21,"143":1,"144":21,"145":21,"146":3,"147":3,"148":1,"149":21},"f":{"0":33,"1":16,"2":12,"3":13,"4":29,"5":13,"6":21,"7":26,"8":8,"9":19,"10":8,"11":27,"12":16,"13":39,"14":18,"15":6,"16":8,"17":21,"18":3},"b":{"0":[3,10],"1":[13,11],"2":[1,12],"3":[13,11],"4":[1,12],"5":[13,11],"6":[1,12],"7":[13,8],"8":[1,12],"9":[13,8],"10":[2,19],"11":[21,19],"12":[1,20],"13":[21,19],"14":[1,20],"15":[21,21],"16":[1,20],"17":[21,21],"18":[21,0],"19":[1,20],"20":[1,7],"21":[8,7],"22":[1,7],"23":[8,8],"24":[1,7],"25":[8,8],"26":[1,7],"27":[8,8],"28":[1,7],"29":[8,2],"30":[1,7],"31":[8,8],"32":[1,7],"33":[8,2,2],"34":[1,18],"35":[18,1],"36":[2,16],"37":[3,16],"38":[19,19],"39":[1,18],"40":[19,6],"41":[1,18],"42":[19,6],"43":[1,7],"44":[8,7],"45":[1,7],"46":[8,7],"47":[1,7],"48":[1,7],"49":[8,2,2],"50":[1,7],"51":[8,2,1],"52":[1,7],"53":[8,2,2],"54":[1,7],"55":[8,2],"56":[2,25],"57":[27,25],"58":[1,26],"59":[27,25],"60":[1,26],"61":[1,26],"62":[25,2],"63":[27,26],"64":[2,23],"65":[1,26],"66":[27,18,17],"67":[1,26],"68":[27,18,18],"69":[0,27],"70":[27,17,17],"71":[1,26],"72":[27,18],"73":[1,26],"74":[27,18],"75":[1,26],"76":[0,26],"77":[0,16],"78":[39,0],"79":[1,6,6,4,1,0],"80":[2,6],"81":[8,6],"82":[0,8],"83":[8,8],"84":[1,7],"85":[8,8,8],"86":[0,8],"87":[8,8,8],"88":[0,8],"89":[8,8,8],"90":[1,7],"91":[8,8,8],"92":[1,7],"93":[8,2,2],"94":[1,20],"95":[21,20],"96":[1,20],"97":[21,20],"98":[1,20],"99":[21,21],"100":[21,0],"101":[1,2]},"meta":{"lastBranch":102,"lastFunction":19,"lastStatement":150,"seen":{"f:18:16:18:35":0,"s:19:43:32:Infinity":0,"s:33:2:33:Infinity":1,"f:36:16:36:Infinity":1,"s:39:2:39:Infinity":2,"f:42:16:42:29":2,"s:43:2:43:Infinity":3,"f:46:16:46:Infinity":3,"s:49:2:49:Infinity":4,"f:52:16:52:Infinity":4,"s:61:2:68:Infinity":5,"f:72:16:72:36":5,"s:76:27:76:Infinity":6,"b:78:2:80:Infinity:undefined:undefined:undefined:undefined":0,"s:78:2:80:Infinity":7,"b:78:6:78:23:78:23:78:57":1,"s:79:4:79:Infinity":8,"b:82:2:84:Infinity:undefined:undefined:undefined:undefined":2,"s:82:2:84:Infinity":9,"b:82:6:82:22:82:22:82:49":3,"s:83:4:83:Infinity":10,"b:86:2:91:Infinity:undefined:undefined:undefined:undefined":4,"s:86:2:91:Infinity":11,"b:87:4:87:Infinity:88:4:88:Infinity":5,"s:90:4:90:Infinity":12,"b:93:2:95:Infinity:undefined:undefined:undefined:undefined":6,"s:93:2:95:Infinity":13,"b:93:6:93:36:93:36:93:78":7,"s:94:4:94:Infinity":14,"b:97:2:99:Infinity:undefined:undefined:undefined:undefined":8,"s:97:2:99:Infinity":15,"b:97:6:97:36:97:36:97:78":9,"s:98:4:98:Infinity":16,"s:101:2:101:Infinity":17,"f:104:16:104:33":6,"s:108:27:108:Infinity":18,"b:110:2:112:Infinity:undefined:undefined:undefined:undefined":10,"s:110:2:112:Infinity":19,"b:110:6:110:24:110:24:110:59":11,"s:111:4:111:Infinity":20,"b:114:2:116:Infinity:undefined:undefined:undefined:undefined":12,"s:114:2:116:Infinity":21,"b:114:6:114:23:114:23:114:51":13,"s:115:4:115:Infinity":22,"b:118:2:120:Infinity:undefined:undefined:undefined:undefined":14,"s:118:2:120:Infinity":23,"b:118:6:118:27:118:27:118:72":15,"s:119:4:119:Infinity":24,"b:122:2:124:Infinity:undefined:undefined:undefined:undefined":16,"s:122:2:124:Infinity":25,"b:122:6:122:31:122:31:122:67":17,"s:123:4:123:Infinity":26,"b:126:2:133:Infinity:undefined:undefined:undefined:undefined":18,"s:126:2:133:Infinity":27,"s:127:32:129:Infinity":28,"f:128:6:128:7":7,"s:128:14:128:Infinity":29,"b:130:4:132:Infinity:undefined:undefined:undefined:undefined":19,"s:130:4:132:Infinity":30,"s:131:6:131:Infinity":31,"s:135:2:135:Infinity":32,"f:138:16:138:35":8,"s:142:27:142:Infinity":33,"b:144:2:146:Infinity:undefined:undefined:undefined:undefined":20,"s:144:2:146:Infinity":34,"b:144:6:144:25:144:25:144:61":21,"s:145:4:145:Infinity":35,"b:148:2:150:Infinity:undefined:undefined:undefined:undefined":22,"s:148:2:150:Infinity":36,"b:148:6:148:37:148:37:148:56":23,"s:149:4:149:Infinity":37,"b:152:2:154:Infinity:undefined:undefined:undefined:undefined":24,"s:152:2:154:Infinity":38,"b:152:6:152:38:152:38:152:58":25,"s:153:4:153:Infinity":39,"b:156:2:158:Infinity:undefined:undefined:undefined:undefined":26,"s:156:2:158:Infinity":40,"b:156:6:156:38:156:38:156:60":27,"s:157:4:157:Infinity":41,"b:160:2:162:Infinity:undefined:undefined:undefined:undefined":28,"s:160:2:162:Infinity":42,"b:160:6:160:38:160:38:160:58":29,"s:161:4:161:Infinity":43,"b:164:2:166:Infinity:undefined:undefined:undefined:undefined":30,"s:164:2:166:Infinity":44,"b:164:6:164:34:164:34:164:50":31,"s:165:4:165:Infinity":45,"b:168:2:170:Infinity:undefined:undefined:undefined:undefined":32,"s:168:2:170:Infinity":46,"b:168:6:168:32:168:32:168:47:168:47:168:62":33,"s:169:4:169:Infinity":47,"s:172:2:172:Infinity":48,"f:175:16:175:32":9,"s:179:27:179:Infinity":49,"b:181:2:183:Infinity:undefined:undefined:undefined:undefined":34,"s:181:2:183:Infinity":50,"s:182:4:182:Infinity":51,"b:185:2:192:Infinity:undefined:undefined:undefined:undefined":35,"s:185:2:192:Infinity":52,"s:186:16:186:Infinity":53,"s:188:32:188:Infinity":54,"b:189:4:191:Infinity:undefined:undefined:undefined:undefined":36,"s:189:4:191:Infinity":55,"s:190:6:190:Infinity":56,"b:194:2:196:Infinity:undefined:undefined:undefined:undefined":37,"s:194:2:196:Infinity":57,"b:194:6:194:28:194:28:194:60":38,"s:195:4:195:Infinity":58,"b:198:2:200:Infinity:undefined:undefined:undefined:undefined":39,"s:198:2:200:Infinity":59,"b:198:6:198:40:198:40:198:62":40,"s:199:4:199:Infinity":60,"b:202:2:204:Infinity:undefined:undefined:undefined:undefined":41,"s:202:2:204:Infinity":61,"b:202:6:202:40:202:40:202:64":42,"s:203:4:203:Infinity":62,"s:206:2:206:Infinity":63,"f:209:16:209:40":10,"s:213:27:213:Infinity":64,"b:215:2:217:Infinity:undefined:undefined:undefined:undefined":43,"s:215:2:217:Infinity":65,"b:215:6:215:28:215:28:215:67":44,"s:216:4:216:Infinity":66,"b:219:2:221:Infinity:undefined:undefined:undefined:undefined":45,"s:219:2:221:Infinity":67,"b:219:6:219:29:219:29:219:69":46,"s:220:4:220:Infinity":68,"b:223:2:225:Infinity:undefined:undefined:undefined:undefined":47,"s:223:2:225:Infinity":69,"s:224:4:224:Infinity":70,"b:227:2:229:Infinity:undefined:undefined:undefined:undefined":48,"s:227:2:229:Infinity":71,"b:227:6:227:37:227:37:227:57:227:57:227:76":49,"s:228:4:228:Infinity":72,"b:231:2:236:Infinity:undefined:undefined:undefined:undefined":50,"s:231:2:236:Infinity":73,"b:232:4:232:Infinity:233:5:233:29:233:29:233:Infinity":51,"s:235:4:235:Infinity":74,"b:238:2:243:Infinity:undefined:undefined:undefined:undefined":52,"s:238:2:243:Infinity":75,"b:239:4:239:Infinity:240:5:240:28:240:28:240:Infinity":53,"s:242:4:242:Infinity":76,"b:245:2:250:Infinity:undefined:undefined:undefined:undefined":54,"s:245:2:250:Infinity":77,"b:246:4:246:Infinity:247:4:247:Infinity":55,"s:249:4:249:Infinity":78,"s:252:2:252:Infinity":79,"f:255:16:255:34":11,"s:259:27:259:Infinity":80,"b:261:2:263:Infinity:undefined:undefined:undefined:undefined":56,"s:261:2:263:Infinity":81,"b:261:6:261:25:261:25:261:61":57,"s:262:4:262:Infinity":82,"b:265:2:267:Infinity:undefined:undefined:undefined:undefined":58,"s:265:2:267:Infinity":83,"b:265:6:265:24:265:24:265:53":59,"s:266:4:266:Infinity":84,"b:269:2:271:Infinity:undefined:undefined:undefined:undefined":60,"s:269:2:271:Infinity":85,"s:270:4:270:Infinity":86,"b:273:2:275:Infinity:undefined:undefined:undefined:undefined":61,"s:273:2:275:Infinity":87,"s:274:4:274:Infinity":88,"b:277:2:281:Infinity:undefined:undefined:undefined:undefined":62,"s:277:2:281:Infinity":89,"b:277:6:277:29:277:29:277:48":63,"b:278:4:280:Infinity:undefined:undefined:undefined:undefined":64,"s:278:4:280:Infinity":90,"s:279:6:279:Infinity":91,"b:283:2:288:Infinity:undefined:undefined:undefined:undefined":65,"s:283:2:288:Infinity":92,"b:284:4:284:Infinity:285:5:285:36:285:36:285:Infinity":66,"s:287:4:287:Infinity":93,"b:290:2:295:Infinity:undefined:undefined:undefined:undefined":67,"s:290:2:295:Infinity":94,"b:291:4:291:Infinity:292:5:292:34:292:34:292:Infinity":68,"s:294:4:294:Infinity":95,"b:297:2:302:Infinity:undefined:undefined:undefined:undefined":69,"s:297:2:302:Infinity":96,"b:298:4:298:Infinity:299:5:299:33:299:33:299:Infinity":70,"s:301:4:301:Infinity":97,"b:304:2:315:Infinity:undefined:undefined:undefined:undefined":71,"s:304:2:315:Infinity":98,"b:305:4:305:Infinity:306:4:312:Infinity":72,"s:314:4:314:Infinity":99,"b:317:2:322:Infinity:undefined:undefined:undefined:undefined":73,"s:317:2:322:Infinity":100,"b:318:4:318:Infinity:319:4:319:Infinity":74,"s:321:4:321:Infinity":101,"b:324:2:337:Infinity:326:2:337:Infinity":75,"s:324:2:337:Infinity":102,"s:325:4:325:Infinity":103,"b:326:2:337:Infinity:328:9:337:Infinity":76,"s:326:2:337:Infinity":104,"s:327:4:327:Infinity":105,"s:329:4:336:Infinity":106,"f:329:32:329:33":12,"s:330:33:330:Infinity":107,"b:331:6:335:Infinity:undefined:undefined:undefined:undefined":77,"s:331:6:335:Infinity":108,"s:332:8:334:Infinity":109,"s:339:2:339:Infinity":110,"f:343:16:343:31":13,"s:344:8:344:Infinity":111,"b:344:21:344:30:344:30:344:34":78,"s:347:2:362:Infinity":112,"f:347:39:347:40":14,"b:349:6:350:Infinity:351:6:352:Infinity:353:6:354:Infinity:355:6:356:Infinity:357:6:358:Infinity:359:6:360:Infinity":79,"s:348:4:361:Infinity":113,"s:350:8:350:Infinity":114,"s:352:8:352:Infinity":115,"s:354:8:354:Infinity":116,"s:356:8:356:Infinity":117,"s:358:8:358:Infinity":118,"s:360:8:360:Infinity":119,"f:365:16:365:Infinity":15,"s:370:2:370:Infinity":120,"f:374:16:374:Infinity":16,"s:380:27:380:Infinity":121,"b:382:2:384:Infinity:undefined:undefined:undefined:undefined":80,"s:382:2:384:Infinity":122,"b:382:6:382:30:382:30:382:71":81,"s:383:4:383:Infinity":123,"b:386:2:388:Infinity:undefined:undefined:undefined:undefined":82,"s:386:2:388:Infinity":124,"b:386:6:386:38:386:38:386:58":83,"s:387:4:387:Infinity":125,"b:390:2:395:Infinity:undefined:undefined:undefined:undefined":84,"s:390:2:395:Infinity":126,"b:391:4:391:Infinity:392:5:392:32:392:32:392:Infinity":85,"s:394:4:394:Infinity":127,"b:397:2:402:Infinity:undefined:undefined:undefined:undefined":86,"s:397:2:402:Infinity":128,"b:398:4:398:Infinity:399:5:399:35:399:35:399:Infinity":87,"s:401:4:401:Infinity":129,"b:404:2:409:Infinity:undefined:undefined:undefined:undefined":88,"s:404:2:409:Infinity":130,"b:405:4:405:Infinity:406:5:406:35:406:35:406:Infinity":89,"s:408:4:408:Infinity":131,"b:411:2:417:Infinity:undefined:undefined:undefined:undefined":90,"s:411:2:417:Infinity":132,"b:412:4:412:Infinity:413:4:413:Infinity:414:4:414:Infinity":91,"s:416:4:416:Infinity":133,"b:419:2:424:Infinity:undefined:undefined:undefined:undefined":92,"s:419:2:424:Infinity":134,"b:420:4:420:Infinity:421:5:421:33:421:33:421:Infinity":93,"s:423:4:423:Infinity":135,"s:426:2:426:Infinity":136,"f:430:16:430:Infinity":17,"s:436:27:436:Infinity":137,"b:438:2:440:Infinity:undefined:undefined:undefined:undefined":94,"s:438:2:440:Infinity":138,"b:438:6:438:24:438:24:438:59":95,"s:439:4:439:Infinity":139,"b:442:2:444:Infinity:undefined:undefined:undefined:undefined":96,"s:442:2:444:Infinity":140,"b:442:6:442:23:442:23:442:50":97,"s:443:4:443:Infinity":141,"b:446:2:448:Infinity:undefined:undefined:undefined:undefined":98,"s:446:2:448:Infinity":142,"b:446:6:446:41:446:41:446:64":99,"s:447:4:447:Infinity":143,"b:450:2:459:Infinity:undefined:undefined:undefined:undefined":100,"s:450:2:459:Infinity":144,"s:451:4:458:Infinity":145,"f:451:31:451:32":18,"s:452:33:452:Infinity":146,"b:453:6:457:Infinity:undefined:undefined:undefined:undefined":101,"s:453:6:457:Infinity":147,"s:454:8:456:Infinity":148,"s:461:2:461:Infinity":149}}}
}
