TN:
SF:src/db/index.ts
FN:33,(anonymous_0)
FN:64,(anonymous_1)
FN:72,(anonymous_2)
FN:126,(anonymous_3)
FN:166,(anonymous_4)
FN:204,(anonymous_5)
FN:269,(anonymous_6)
FN:311,initializeDatabase
FNF:8
FNH:1
FNDA:2,(anonymous_0)
FNDA:0,(anonymous_1)
FNDA:0,(anonymous_2)
FNDA:0,(anonymous_3)
FNDA:0,(anonymous_4)
FNDA:0,(anonymous_5)
FNDA:0,(anonymous_6)
FNDA:0,initializeDatabase
DA:34,2
DA:41,2
DA:49,2
DA:66,0
DA:67,0
DA:69,0
DA:70,0
DA:79,0
DA:100,0
DA:109,0
DA:110,0
DA:111,0
DA:117,0
DA:122,0
DA:123,0
DA:124,0
DA:125,0
DA:135,0
DA:146,0
DA:149,0
DA:150,0
DA:151,0
DA:157,0
DA:162,0
DA:163,0
DA:164,0
DA:165,0
DA:174,0
DA:184,0
DA:187,0
DA:188,0
DA:189,0
DA:195,0
DA:200,0
DA:201,0
DA:202,0
DA:203,0
DA:214,0
DA:226,0
DA:229,0
DA:230,0
DA:231,0
DA:237,0
DA:244,2
DA:260,2
DA:271,0
DA:273,0
DA:275,0
DA:276,0
DA:277,0
DA:278,0
DA:279,0
DA:282,0
DA:288,0
DA:294,2
DA:295,2
DA:296,2
DA:304,2
DA:312,0
DA:314,0
DA:316,0
DA:317,0
DA:320,0
DA:325,0
DA:331,0
DA:334,0
DA:336,0
DA:339,0
LF:68
LH:9
BRDA:69,0,0,0
BRDA:69,0,1,0
BRDA:69,1,0,0
BRDA:69,1,1,0
BRDA:80,2,0,0
BRDA:80,2,1,0
BRDA:81,3,0,0
BRDA:81,3,1,0
BRDA:83,4,0,0
BRDA:83,4,1,0
BRDA:97,5,0,0
BRDA:97,5,1,0
BRDA:98,6,0,0
BRDA:98,6,1,0
BRDA:110,7,0,0
BRDA:110,7,1,0
BRDA:111,8,0,0
BRDA:111,8,1,0
BRDA:112,9,0,0
BRDA:112,9,1,0
BRDA:124,10,0,0
BRDA:124,10,1,0
BRDA:124,11,0,0
BRDA:124,11,1,0
BRDA:137,12,0,0
BRDA:137,12,1,0
BRDA:138,13,0,0
BRDA:138,13,1,0
BRDA:139,14,0,0
BRDA:139,14,1,0
BRDA:142,15,0,0
BRDA:142,15,1,0
BRDA:143,16,0,0
BRDA:143,16,1,0
BRDA:150,17,0,0
BRDA:150,17,1,0
BRDA:151,18,0,0
BRDA:151,18,1,0
BRDA:152,19,0,0
BRDA:152,19,1,0
BRDA:164,20,0,0
BRDA:164,20,1,0
BRDA:164,21,0,0
BRDA:164,21,1,0
BRDA:176,22,0,0
BRDA:176,22,1,0
BRDA:177,23,0,0
BRDA:177,23,1,0
BRDA:178,24,0,0
BRDA:178,24,1,0
BRDA:180,25,0,0
BRDA:180,25,1,0
BRDA:181,26,0,0
BRDA:181,26,1,0
BRDA:188,27,0,0
BRDA:188,27,1,0
BRDA:189,28,0,0
BRDA:189,28,1,0
BRDA:190,29,0,0
BRDA:190,29,1,0
BRDA:202,30,0,0
BRDA:202,30,1,0
BRDA:202,31,0,0
BRDA:202,31,1,0
BRDA:216,32,0,0
BRDA:216,32,1,0
BRDA:217,33,0,0
BRDA:217,33,1,0
BRDA:219,34,0,0
BRDA:219,34,1,0
BRDA:220,35,0,0
BRDA:220,35,1,0
BRDA:221,36,0,0
BRDA:221,36,1,0
BRDA:222,37,0,0
BRDA:222,37,1,0
BRDA:223,38,0,0
BRDA:223,38,1,0
BRDA:230,39,0,0
BRDA:230,39,1,0
BRDA:231,40,0,0
BRDA:231,40,1,0
BRDA:232,41,0,0
BRDA:232,41,1,0
BRDA:284,42,0,0
BRDA:284,42,1,0
BRDA:285,43,0,0
BRDA:285,43,1,0
BRDA:285,44,0,0
BRDA:285,44,1,0
BRDA:317,45,0,0
BRDA:317,45,1,0
BRDA:320,46,0,0
BRDA:320,46,1,0
BRDA:321,47,0,0
BRDA:321,47,1,0
BRDA:321,47,2,0
BRF:97
BRH:0
end_of_record
TN:
SF:src/db/service.ts
FN:30,createUserProfile
FN:51,getUserProfile
FN:57,getAllUserProfiles
FN:61,updateUserProfile
FN:88,deleteUserProfile
FN:94,createExercise
FN:119,getExercise
FN:123,getAllExercises
FN:127,getExercisesByCategory
FN:133,getCustomExercises
FN:135,(anonymous_10)
FN:139,updateExercise
FN:171,deleteExercise
FN:175,(anonymous_13)
FN:175,(anonymous_14)
FN:194,createWorkout
FN:239,getWorkout
FN:243,getAllWorkouts
FN:247,getWorkoutsByDateRange
FN:258,getCompletedWorkouts
FN:260,(anonymous_20)
FN:262,(anonymous_21)
FN:265,updateWorkout
FN:297,deleteWorkout
FN:306,(anonymous_24)
FN:312,createTrainingSession
FN:337,getTrainingSession
FN:343,getTrainingSessionsByWorkout
FN:349,getTrainingSessionsByExercise
FN:359,updateTrainingSession
FN:385,deleteTrainingSession
FN:391,createMesocycle
FN:432,getMesocycle
FN:436,getAllMesocycles
FN:440,getActiveMesocycle
FN:444,getMesocyclesByStatus
FN:454,updateMesocycle
FN:484,deleteMesocycle
FN:490,clearAllData
FN:506,getPreviousPerformance
FN:513,(anonymous_40)
FN:515,(anonymous_41)
FN:524,(anonymous_42)
FN:528,(anonymous_43)
FN:545,createEmptySet
FN:569,autoSaveWorkout
FN:588,recoverActiveWorkout
FN:600,(anonymous_47)
FN:618,clearAutoSavedWorkout
FN:627,getMesocycleWeekBounds
FN:657,getSplitCompletionStatus
FN:677,(anonymous_51)
FN:686,(anonymous_52)
FN:689,(anonymous_53)
FN:690,(anonymous_54)
FN:700,exportData
FN:714,importData
FN:720,(anonymous_57)
FN:747,(anonymous_58)
FN:796,getNextSplitDay
FN:806,(anonymous_60)
FN:816,startWorkoutFromSplit
FN:825,(anonymous_62)
FNF:63
FNH:18
FNDA:5,createUserProfile
FNDA:4,getUserProfile
FNDA:0,getAllUserProfiles
FNDA:2,updateUserProfile
FNDA:1,deleteUserProfile
FNDA:14,createExercise
FNDA:5,getExercise
FNDA:2,getAllExercises
FNDA:0,getExercisesByCategory
FNDA:0,getCustomExercises
FNDA:0,(anonymous_10)
FNDA:2,updateExercise
FNDA:1,deleteExercise
FNDA:0,(anonymous_13)
FNDA:0,(anonymous_14)
FNDA:10,createWorkout
FNDA:7,getWorkout
FNDA:1,getAllWorkouts
FNDA:0,getWorkoutsByDateRange
FNDA:0,getCompletedWorkouts
FNDA:0,(anonymous_20)
FNDA:0,(anonymous_21)
FNDA:2,updateWorkout
FNDA:2,deleteWorkout
FNDA:0,(anonymous_24)
FNDA:0,createTrainingSession
FNDA:0,getTrainingSession
FNDA:0,getTrainingSessionsByWorkout
FNDA:0,getTrainingSessionsByExercise
FNDA:0,updateTrainingSession
FNDA:0,deleteTrainingSession
FNDA:13,createMesocycle
FNDA:4,getMesocycle
FNDA:0,getAllMesocycles
FNDA:0,getActiveMesocycle
FNDA:0,getMesocyclesByStatus
FNDA:4,updateMesocycle
FNDA:1,deleteMesocycle
FNDA:0,clearAllData
FNDA:0,getPreviousPerformance
FNDA:0,(anonymous_40)
FNDA:0,(anonymous_41)
FNDA:0,(anonymous_42)
FNDA:0,(anonymous_43)
FNDA:0,createEmptySet
FNDA:0,autoSaveWorkout
FNDA:0,recoverActiveWorkout
FNDA:0,(anonymous_47)
FNDA:0,clearAutoSavedWorkout
FNDA:0,getMesocycleWeekBounds
FNDA:0,getSplitCompletionStatus
FNDA:0,(anonymous_51)
FNDA:0,(anonymous_52)
FNDA:0,(anonymous_53)
FNDA:0,(anonymous_54)
FNDA:0,exportData
FNDA:0,importData
FNDA:0,(anonymous_57)
FNDA:0,(anonymous_58)
FNDA:0,getNextSplitDay
FNDA:0,(anonymous_60)
FNDA:0,startWorkoutFromSplit
FNDA:0,(anonymous_62)
DA:33,5
DA:34,5
DA:35,1
DA:38,4
DA:47,4
DA:48,4
DA:54,4
DA:58,0
DA:65,2
DA:66,2
DA:67,1
DA:70,1
DA:76,1
DA:77,1
DA:78,0
DA:81,1
DA:82,1
DA:85,1
DA:89,1
DA:97,14
DA:98,14
DA:99,1
DA:102,13
DA:115,14
DA:116,13
DA:120,5
DA:124,2
DA:130,0
DA:134,0
DA:135,0
DA:143,2
DA:144,2
DA:145,1
DA:148,1
DA:153,1
DA:154,1
DA:155,0
DA:158,1
DA:159,1
DA:161,1
DA:162,0
DA:164,1
DA:165,0
DA:168,1
DA:174,1
DA:175,0
DA:178,1
DA:183,1
DA:184,0
DA:189,1
DA:197,10
DA:198,10
DA:199,2
DA:203,8
DA:204,8
DA:206,8
DA:207,6
DA:208,6
DA:209,0
DA:210,0
DA:214,8
DA:229,10
DA:232,8
DA:233,2
DA:236,8
DA:240,7
DA:244,1
DA:251,0
DA:259,0
DA:260,0
DA:262,0
DA:269,2
DA:270,2
DA:271,0
DA:274,2
DA:280,2
DA:281,2
DA:282,0
DA:285,2
DA:286,1
DA:289,2
DA:292,2
DA:293,0
DA:299,2
DA:304,2
DA:306,0
DA:315,0
DA:316,0
DA:317,0
DA:320,0
DA:333,0
DA:334,0
DA:340,0
DA:346,0
DA:352,0
DA:363,0
DA:364,0
DA:365,0
DA:368,0
DA:373,0
DA:374,0
DA:375,0
DA:378,0
DA:379,0
DA:382,0
DA:386,0
DA:394,13
DA:395,13
DA:396,2
DA:400,11
DA:401,10
DA:405,10
DA:406,0
DA:412,11
DA:428,13
DA:429,11
DA:433,4
DA:437,0
DA:441,0
DA:447,0
DA:458,4
DA:459,4
DA:460,1
DA:463,3
DA:469,3
DA:470,3
DA:471,0
DA:474,3
DA:475,3
DA:477,3
DA:478,0
DA:481,3
DA:485,1
DA:491,0
DA:511,0
DA:514,0
DA:515,0
DA:519,0
DA:520,0
DA:524,0
DA:526,0
DA:527,0
DA:528,0
DA:531,0
DA:532,0
DA:535,0
DA:551,0
DA:553,0
DA:572,0
DA:574,0
DA:577,0
DA:578,0
DA:581,0
DA:591,0
DA:592,0
DA:593,0
DA:594,0
DA:598,0
DA:600,0
DA:602,0
DA:603,0
DA:605,0
DA:608,0
DA:610,0
DA:611,0
DA:619,0
DA:631,0
DA:632,0
DA:635,0
DA:636,0
DA:639,0
DA:640,0
DA:643,0
DA:644,0
DA:645,0
DA:647,0
DA:664,0
DA:665,0
DA:666,0
DA:669,0
DA:670,0
DA:671,0
DA:675,0
DA:678,0
DA:686,0
DA:688,0
DA:689,0
DA:690,0
DA:692,0
DA:701,0
DA:711,0
DA:717,0
DA:718,0
DA:720,0
DA:721,0
DA:722,0
DA:723,0
DA:724,0
DA:727,0
DA:731,0
DA:734,0
DA:735,0
DA:739,0
DA:747,0
DA:748,0
DA:750,0
DA:757,0
DA:762,0
DA:763,0
DA:764,0
DA:766,0
DA:767,0
DA:770,0
DA:773,0
DA:774,0
DA:776,0
DA:777,0
DA:779,0
DA:780,0
DA:782,0
DA:783,0
DA:785,0
DA:786,0
DA:799,0
DA:800,0
DA:801,0
DA:805,0
DA:806,0
DA:809,0
DA:820,0
DA:821,0
DA:822,0
DA:825,0
DA:826,0
DA:827,0
DA:833,0
DA:834,0
DA:837,0
DA:839,0
DA:841,0
DA:842,0
DA:844,0
DA:847,0
DA:851,0
DA:855,0
DA:858,0
DA:859,0
DA:860,0
DA:864,0
DA:866,0
DA:871,0
DA:883,0
DA:891,0
DA:905,0
LF:254
LH:87
BRDA:34,0,0,1
BRDA:34,0,1,4
BRDA:66,1,0,1
BRDA:66,1,1,1
BRDA:77,2,0,0
BRDA:77,2,1,1
BRDA:81,3,0,1
BRDA:81,3,1,0
BRDA:98,4,0,1
BRDA:98,4,1,13
BRDA:107,5,0,0
BRDA:107,5,1,13
BRDA:110,6,0,0
BRDA:110,6,1,13
BRDA:144,7,0,1
BRDA:144,7,1,1
BRDA:154,8,0,0
BRDA:154,8,1,1
BRDA:158,9,0,1
BRDA:158,9,1,0
BRDA:161,10,0,0
BRDA:161,10,1,1
BRDA:164,11,0,0
BRDA:164,11,1,1
BRDA:183,12,0,0
BRDA:183,12,1,1
BRDA:183,13,0,1
BRDA:183,13,1,1
BRDA:198,14,0,2
BRDA:198,14,1,8
BRDA:206,15,0,6
BRDA:206,15,1,2
BRDA:208,16,0,0
BRDA:208,16,1,6
BRDA:221,17,0,0
BRDA:221,17,1,8
BRDA:232,18,0,2
BRDA:232,18,1,6
BRDA:232,19,0,8
BRDA:232,19,1,7
BRDA:270,20,0,0
BRDA:270,20,1,2
BRDA:281,21,0,0
BRDA:281,21,1,2
BRDA:285,22,0,1
BRDA:285,22,1,1
BRDA:292,23,0,0
BRDA:292,23,1,2
BRDA:292,24,0,2
BRDA:292,24,1,2
BRDA:316,25,0,0
BRDA:316,25,1,0
BRDA:329,26,0,0
BRDA:329,26,1,0
BRDA:364,27,0,0
BRDA:364,27,1,0
BRDA:374,28,0,0
BRDA:374,28,1,0
BRDA:378,29,0,0
BRDA:378,29,1,0
BRDA:395,30,0,2
BRDA:395,30,1,11
BRDA:400,31,0,10
BRDA:400,31,1,1
BRDA:405,32,0,0
BRDA:405,32,1,10
BRDA:421,33,0,11
BRDA:421,33,1,0
BRDA:423,34,0,0
BRDA:423,34,1,11
BRDA:459,35,0,1
BRDA:459,35,1,3
BRDA:470,36,0,0
BRDA:470,36,1,3
BRDA:474,37,0,3
BRDA:474,37,1,0
BRDA:477,38,0,0
BRDA:477,38,1,3
BRDA:514,39,0,0
BRDA:514,39,1,0
BRDA:519,40,0,0
BRDA:519,40,1,0
BRDA:531,41,0,0
BRDA:531,41,1,0
BRDA:551,42,0,0
BRDA:551,42,1,0
BRDA:551,42,2,0
BRDA:559,43,0,0
BRDA:559,43,1,0
BRDA:577,44,0,0
BRDA:577,44,1,0
BRDA:577,45,0,0
BRDA:577,45,1,0
BRDA:593,46,0,0
BRDA:593,46,1,0
BRDA:602,47,0,0
BRDA:602,47,1,0
BRDA:602,48,0,0
BRDA:602,48,1,0
BRDA:631,49,0,0
BRDA:631,49,1,0
BRDA:631,50,0,0
BRDA:631,50,1,0
BRDA:665,51,0,0
BRDA:665,51,1,0
BRDA:670,52,0,0
BRDA:670,52,1,0
BRDA:678,53,0,0
BRDA:678,53,1,0
BRDA:678,53,2,0
BRDA:678,53,3,0
BRDA:721,54,0,0
BRDA:721,54,1,0
BRDA:721,55,0,0
BRDA:721,55,1,0
BRDA:723,56,0,0
BRDA:723,56,1,0
BRDA:734,57,0,0
BRDA:734,57,1,0
BRDA:734,58,0,0
BRDA:734,58,1,0
BRDA:748,59,0,0
BRDA:748,59,1,0
BRDA:750,60,0,0
BRDA:750,60,1,0
BRDA:751,61,0,0
BRDA:751,61,1,0
BRDA:751,61,2,0
BRDA:751,61,3,0
BRDA:751,61,4,0
BRDA:762,62,0,0
BRDA:762,62,1,0
BRDA:763,63,0,0
BRDA:763,63,1,0
BRDA:764,64,0,0
BRDA:764,64,1,0
BRDA:766,65,0,0
BRDA:766,65,1,0
BRDA:767,66,0,0
BRDA:767,66,1,0
BRDA:773,67,0,0
BRDA:773,67,1,0
BRDA:776,68,0,0
BRDA:776,68,1,0
BRDA:779,69,0,0
BRDA:779,69,1,0
BRDA:782,70,0,0
BRDA:782,70,1,0
BRDA:785,71,0,0
BRDA:785,71,1,0
BRDA:800,72,0,0
BRDA:800,72,1,0
BRDA:806,73,0,0
BRDA:806,73,1,0
BRDA:821,74,0,0
BRDA:821,74,1,0
BRDA:826,75,0,0
BRDA:826,75,1,0
BRDA:842,76,0,0
BRDA:842,76,1,0
BRDA:860,77,0,0
BRDA:860,77,1,0
BRDA:866,78,0,0
BRDA:866,78,1,0
BRDA:877,79,0,0
BRDA:877,79,1,0
BRDA:894,80,0,0
BRDA:894,80,1,0
BRF:168
BRH:48
end_of_record
TN:
SF:src/lib/mesocycleUtils.ts
FN:13,calculateMesocycleWeek
FN:43,updateMesocycleProgress
FN:53,(anonymous_2)
FN:62,(anonymous_3)
FN:63,(anonymous_4)
FN:84,getWorkoutMesocycleInfo
FN:111,checkMesocycleCompletion
FN:133,getMesocycleWeekDescription
FN:166,getNextSplitDay
FN:176,(anonymous_9)
FN:184,(anonymous_10)
FN:189,(anonymous_11)
FNF:12
FNH:11
FNDA:23,calculateMesocycleWeek
FNDA:5,updateMesocycleProgress
FNDA:3,(anonymous_2)
FNDA:3,(anonymous_3)
FNDA:0,(anonymous_4)
FNDA:9,getWorkoutMesocycleInfo
FNDA:2,checkMesocycleCompletion
FNDA:20,getMesocycleWeekDescription
FNDA:3,getNextSplitDay
FNDA:3,(anonymous_9)
FNDA:3,(anonymous_10)
FNDA:4,(anonymous_11)
DA:17,23
DA:18,23
DA:19,23
DA:22,23
DA:23,23
DA:24,23
DA:27,23
DA:28,5
DA:32,18
DA:33,18
DA:34,18
DA:36,18
DA:46,5
DA:47,5
DA:48,1
DA:52,4
DA:53,3
DA:56,4
DA:57,1
DA:61,3
DA:62,3
DA:63,0
DA:65,3
DA:66,0
DA:69,3
DA:70,3
DA:73,3
DA:74,1
DA:87,9
DA:92,9
DA:93,7
DA:96,2
DA:97,2
DA:98,1
DA:101,1
DA:114,2
DA:115,2
DA:116,0
DA:119,2
DA:120,2
DA:123,2
DA:124,1
DA:137,20
DA:138,4
DA:141,16
DA:142,6
DA:145,10
DA:149,4
DA:152,6
DA:156,2
DA:159,4
DA:170,3
DA:171,1
DA:175,2
DA:177,3
DA:183,2
DA:184,3
DA:188,2
DA:189,4
DA:193,2
LF:60
LH:57
BRDA:27,0,0,5
BRDA:27,0,1,18
BRDA:27,1,0,23
BRDA:27,1,1,21
BRDA:47,2,0,1
BRDA:47,2,1,4
BRDA:47,3,0,5
BRDA:47,3,1,5
BRDA:56,4,0,1
BRDA:56,4,1,3
BRDA:65,5,0,0
BRDA:65,5,1,3
BRDA:73,6,0,1
BRDA:73,6,1,2
BRDA:73,7,0,3
BRDA:73,7,1,3
BRDA:92,8,0,7
BRDA:92,8,1,2
BRDA:97,9,0,1
BRDA:97,9,1,1
BRDA:115,10,0,0
BRDA:115,10,1,2
BRDA:115,11,0,2
BRDA:115,11,1,2
BRDA:123,12,0,1
BRDA:123,12,1,1
BRDA:137,13,0,4
BRDA:137,13,1,16
BRDA:141,14,0,6
BRDA:141,14,1,10
BRDA:145,15,0,4
BRDA:145,15,1,6
BRDA:146,16,0,10
BRDA:146,16,1,4
BRDA:152,17,0,2
BRDA:152,17,1,4
BRDA:153,18,0,6
BRDA:153,18,1,2
BRDA:170,19,0,1
BRDA:170,19,1,2
BRDA:170,20,0,3
BRDA:170,20,1,3
BRDA:177,21,0,3
BRDA:177,21,1,3
BRDA:177,21,2,3
BRDA:193,22,0,2
BRDA:193,22,1,1
BRDA:193,22,2,0
BRF:48
BRH:45
end_of_record
TN:
SF:src/lib/progressTracking.ts
FN:16,calculateOneRepMax
FN:26,calculateOneRepMaxBrzycki
FN:39,calculateSetVolume
FN:47,calculateExerciseVolume
FN:48,(anonymous_4)
FN:59,calculateWorkoutVolume
FN:60,(anonymous_6)
FN:78,findPersonalRecords
FN:150,calculateMuscleGroupVolume
FN:159,(anonymous_9)
FN:174,(anonymous_10)
FN:188,(anonymous_11)
FN:211,calculateTrainingStatistics
FN:214,(anonymous_13)
FN:233,(anonymous_14)
FN:247,(anonymous_15)
FN:289,calculateStreaks
FN:353,getWorkoutCalendar
FN:401,getExerciseProgressTrend
FN:408,(anonymous_19)
FN:409,(anonymous_20)
FNF:21
FNH:21
FNDA:15,calculateOneRepMax
FNDA:8,calculateOneRepMaxBrzycki
FNDA:18,calculateSetVolume
FNDA:10,calculateExerciseVolume
FNDA:12,(anonymous_4)
FNDA:2,calculateWorkoutVolume
FNDA:2,(anonymous_6)
FNDA:4,findPersonalRecords
FNDA:3,calculateMuscleGroupVolume
FNDA:4,(anonymous_9)
FNDA:3,(anonymous_10)
FNDA:4,(anonymous_11)
FNDA:5,calculateTrainingStatistics
FNDA:10,(anonymous_13)
FNDA:5,(anonymous_14)
FNDA:2,(anonymous_15)
FNDA:4,calculateStreaks
FNDA:3,getWorkoutCalendar
FNDA:4,getExerciseProgressTrend
FNDA:4,(anonymous_19)
FNDA:1,(anonymous_20)
DA:17,15
DA:18,12
DA:19,10
DA:30,8
DA:31,6
DA:32,5
DA:33,3
DA:40,18
DA:41,18
DA:48,10
DA:49,12
DA:50,11
DA:52,1
DA:60,2
DA:61,2
DA:82,4
DA:92,4
DA:94,4
DA:100,28
DA:102,28
DA:103,35
DA:105,28
DA:106,28
DA:108,28
DA:109,28
DA:111,28
DA:112,28
DA:114,4
DA:115,4
DA:126,28
DA:127,3
DA:138,4
DA:156,3
DA:159,4
DA:161,3
DA:162,4
DA:165,3
DA:166,2
DA:168,2
DA:169,3
DA:170,3
DA:172,3
DA:173,3
DA:174,3
DA:178,3
DA:179,4
DA:180,4
DA:188,4
DA:214,10
DA:216,5
DA:217,1
DA:232,4
DA:233,5
DA:236,4
DA:237,4
DA:240,4
DA:241,4
DA:242,4
DA:243,4
DA:245,4
DA:246,9
DA:247,2
DA:248,2
DA:251,9
DA:252,2
DA:253,2
DA:259,4
DA:262,5
DA:265,5
DA:267,5
DA:270,5
DA:272,5
DA:293,4
DA:294,0
DA:297,4
DA:298,4
DA:300,4
DA:301,4
DA:302,4
DA:303,4
DA:304,4
DA:307,4
DA:310,4
DA:311,4
DA:314,4
DA:315,5
DA:316,5
DA:318,5
DA:321,5
DA:323,3
DA:324,2
DA:326,2
DA:327,2
DA:331,5
DA:334,4
DA:337,4
DA:338,2
DA:341,4
DA:358,3
DA:359,3
DA:362,3
DA:363,4
DA:364,3
DA:366,3
DA:367,3
DA:368,4
DA:369,4
DA:373,3
DA:374,3
DA:375,5
DA:376,5
DA:378,5
DA:384,5
DA:387,3
DA:405,4
DA:407,4
DA:408,4
DA:409,1
DA:411,4
DA:412,3
DA:413,3
DA:416,3
DA:417,3
DA:419,3
DA:420,4
DA:422,4
DA:423,4
DA:424,3
DA:425,3
DA:429,3
DA:430,3
DA:431,3
DA:442,4
LF:133
LH:132
BRDA:17,0,0,3
BRDA:17,0,1,12
BRDA:17,1,0,15
BRDA:17,1,1,14
BRDA:18,2,0,2
BRDA:18,2,1,10
BRDA:30,3,0,2
BRDA:30,3,1,6
BRDA:30,4,0,8
BRDA:30,4,1,7
BRDA:31,5,0,1
BRDA:31,5,1,5
BRDA:32,6,0,2
BRDA:32,6,1,3
BRDA:40,7,0,18
BRDA:40,7,1,11
BRDA:49,8,0,11
BRDA:49,8,1,1
BRDA:103,9,0,7
BRDA:103,9,1,28
BRDA:106,10,0,0
BRDA:106,10,1,28
BRDA:109,11,0,0
BRDA:109,11,1,28
BRDA:111,12,0,28
BRDA:111,12,1,0
BRDA:112,13,0,24
BRDA:112,13,1,4
BRDA:112,14,0,28
BRDA:112,14,1,10
BRDA:114,15,0,4
BRDA:114,15,1,0
BRDA:114,16,0,4
BRDA:114,16,1,1
BRDA:126,17,0,3
BRDA:126,17,1,25
BRDA:162,18,0,1
BRDA:162,18,1,3
BRDA:165,19,0,1
BRDA:165,19,1,2
BRDA:165,20,0,3
BRDA:165,20,1,2
BRDA:166,21,0,0
BRDA:166,21,1,2
BRDA:166,22,0,2
BRDA:166,22,1,1
BRDA:170,23,0,0
BRDA:170,23,1,3
BRDA:179,24,0,4
BRDA:179,24,1,4
BRDA:216,25,0,1
BRDA:216,25,1,4
BRDA:251,26,0,2
BRDA:251,26,1,7
BRDA:259,27,0,1
BRDA:259,27,1,3
BRDA:267,28,0,3
BRDA:267,28,1,1
BRDA:293,29,0,0
BRDA:293,29,1,4
BRDA:321,30,0,3
BRDA:321,30,1,2
BRDA:324,31,0,2
BRDA:324,31,1,0
BRDA:337,32,0,2
BRDA:337,32,1,2
BRDA:363,33,0,1
BRDA:363,33,1,3
BRDA:364,34,0,0
BRDA:364,34,1,3
BRDA:364,35,0,3
BRDA:364,35,1,3
BRDA:367,36,0,3
BRDA:367,36,1,2
BRDA:376,37,0,5
BRDA:376,37,1,3
BRDA:413,38,0,0
BRDA:413,38,1,3
BRDA:420,39,0,0
BRDA:420,39,1,4
BRDA:423,40,0,3
BRDA:423,40,1,1
BRDA:423,41,0,4
BRDA:423,41,1,1
BRDA:429,42,0,3
BRDA:429,42,1,0
BRDA:430,43,0,3
BRDA:430,43,1,1
BRF:88
BRH:76
end_of_record
TN:
SF:src/lib/validation.ts
FN:18,isValidMuscleGroup
FN:36,isValidExperienceLevel
FN:42,isValidUnits
FN:46,isValidTheme
FN:52,isValidExerciseCategory
FN:72,validateUserProfile
FN:104,validateExercise
FN:128,(anonymous_7)
FN:138,validateWorkoutSet
FN:175,validateWorkout
FN:209,validateTrainingSession
FN:255,validateMesocycle
FN:329,(anonymous_12)
FN:343,sanitizeString
FN:347,(anonymous_14)
FN:365,sanitizeNumber
FN:374,validateMesocycleExercise
FN:430,validateMesocycleSplitDay
FN:451,(anonymous_18)
FNF:19
FNH:19
FNDA:33,isValidMuscleGroup
FNDA:16,isValidExperienceLevel
FNDA:12,isValidUnits
FNDA:13,isValidTheme
FNDA:29,isValidExerciseCategory
FNDA:13,validateUserProfile
FNDA:21,validateExercise
FNDA:26,(anonymous_7)
FNDA:8,validateWorkoutSet
FNDA:19,validateWorkout
FNDA:8,validateTrainingSession
FNDA:27,validateMesocycle
FNDA:16,(anonymous_12)
FNDA:39,sanitizeString
FNDA:18,(anonymous_14)
FNDA:6,sanitizeNumber
FNDA:8,validateMesocycleExercise
FNDA:21,validateMesocycleSplitDay
FNDA:3,(anonymous_18)
DA:19,33
DA:33,33
DA:39,16
DA:43,12
DA:49,13
DA:61,29
DA:76,13
DA:78,13
DA:79,3
DA:82,13
DA:83,1
DA:86,13
DA:90,1
DA:93,13
DA:94,1
DA:97,13
DA:98,1
DA:101,13
DA:108,21
DA:110,21
DA:111,2
DA:114,21
DA:115,1
DA:118,21
DA:119,1
DA:122,21
DA:123,1
DA:126,21
DA:127,21
DA:128,26
DA:130,21
DA:131,1
DA:135,21
DA:142,8
DA:144,8
DA:145,1
DA:148,8
DA:149,1
DA:152,8
DA:153,1
DA:156,8
DA:157,1
DA:160,8
DA:161,1
DA:164,8
DA:165,1
DA:168,8
DA:169,1
DA:172,8
DA:179,19
DA:181,19
DA:182,1
DA:185,19
DA:186,18
DA:188,18
DA:189,18
DA:190,2
DA:194,19
DA:195,3
DA:198,19
DA:199,1
DA:202,19
DA:203,1
DA:206,19
DA:213,8
DA:215,8
DA:216,1
DA:219,8
DA:220,1
DA:223,8
DA:224,1
DA:227,8
DA:228,1
DA:231,8
DA:235,1
DA:238,8
DA:242,1
DA:245,8
DA:249,1
DA:252,8
DA:259,27
DA:261,27
DA:262,2
DA:265,27
DA:266,1
DA:269,27
DA:270,1
DA:273,27
DA:274,1
DA:277,27
DA:278,25
DA:279,2
DA:283,27
DA:287,1
DA:290,27
DA:294,1
DA:297,27
DA:301,0
DA:304,27
DA:314,1
DA:317,27
DA:321,1
DA:324,27
DA:325,1
DA:326,26
DA:327,0
DA:329,26
DA:330,16
DA:331,16
DA:332,0
DA:339,27
DA:344,39
DA:347,39
DA:348,18
DA:350,1
DA:352,6
DA:354,6
DA:356,4
DA:358,1
DA:360,0
DA:370,6
DA:380,8
DA:382,8
DA:383,2
DA:386,8
DA:387,0
DA:390,8
DA:394,1
DA:397,8
DA:401,0
DA:404,8
DA:408,0
DA:411,8
DA:416,1
DA:419,8
DA:423,1
DA:426,8
DA:436,21
DA:438,21
DA:439,1
DA:442,21
DA:443,1
DA:446,21
DA:447,1
DA:450,21
DA:451,21
DA:452,3
DA:453,3
DA:454,1
DA:461,21
LF:150
LH:143
BRDA:78,0,0,3
BRDA:78,0,1,10
BRDA:78,1,0,13
BRDA:78,1,1,11
BRDA:82,2,0,1
BRDA:82,2,1,12
BRDA:82,3,0,13
BRDA:82,3,1,11
BRDA:86,4,0,1
BRDA:86,4,1,12
BRDA:87,5,0,13
BRDA:87,5,1,11
BRDA:93,6,0,1
BRDA:93,6,1,12
BRDA:93,7,0,13
BRDA:93,7,1,8
BRDA:97,8,0,1
BRDA:97,8,1,12
BRDA:97,9,0,13
BRDA:97,9,1,8
BRDA:110,10,0,2
BRDA:110,10,1,19
BRDA:110,11,0,21
BRDA:110,11,1,19
BRDA:114,12,0,1
BRDA:114,12,1,20
BRDA:114,13,0,21
BRDA:114,13,1,19
BRDA:118,14,0,1
BRDA:118,14,1,20
BRDA:118,15,0,21
BRDA:118,15,1,21
BRDA:122,16,0,1
BRDA:122,16,1,20
BRDA:122,17,0,21
BRDA:122,17,1,21
BRDA:126,18,0,21
BRDA:126,18,1,0
BRDA:130,19,0,1
BRDA:130,19,1,20
BRDA:144,20,0,1
BRDA:144,20,1,7
BRDA:144,21,0,8
BRDA:144,21,1,7
BRDA:148,22,0,1
BRDA:148,22,1,7
BRDA:148,23,0,8
BRDA:148,23,1,8
BRDA:152,24,0,1
BRDA:152,24,1,7
BRDA:152,25,0,8
BRDA:152,25,1,8
BRDA:156,26,0,1
BRDA:156,26,1,7
BRDA:156,27,0,8
BRDA:156,27,1,8
BRDA:160,28,0,1
BRDA:160,28,1,7
BRDA:160,29,0,8
BRDA:160,29,1,2
BRDA:164,30,0,1
BRDA:164,30,1,7
BRDA:164,31,0,8
BRDA:164,31,1,8
BRDA:168,32,0,1
BRDA:168,32,1,7
BRDA:168,33,0,8
BRDA:168,33,1,2
BRDA:168,33,2,2
BRDA:181,34,0,1
BRDA:181,34,1,18
BRDA:185,35,0,18
BRDA:185,35,1,1
BRDA:189,36,0,2
BRDA:189,36,1,16
BRDA:194,37,0,3
BRDA:194,37,1,16
BRDA:194,38,0,19
BRDA:194,38,1,19
BRDA:198,39,0,1
BRDA:198,39,1,18
BRDA:198,40,0,19
BRDA:198,40,1,6
BRDA:202,41,0,1
BRDA:202,41,1,18
BRDA:202,42,0,19
BRDA:202,42,1,6
BRDA:215,43,0,1
BRDA:215,43,1,7
BRDA:215,44,0,8
BRDA:215,44,1,7
BRDA:219,45,0,1
BRDA:219,45,1,7
BRDA:219,46,0,8
BRDA:219,46,1,7
BRDA:223,47,0,1
BRDA:223,47,1,7
BRDA:227,48,0,1
BRDA:227,48,1,7
BRDA:227,49,0,8
BRDA:227,49,1,2
BRDA:227,49,2,2
BRDA:231,50,0,1
BRDA:231,50,1,7
BRDA:232,51,0,8
BRDA:232,51,1,2
BRDA:232,51,2,1
BRDA:238,52,0,1
BRDA:238,52,1,7
BRDA:239,53,0,8
BRDA:239,53,1,2
BRDA:239,53,2,2
BRDA:245,54,0,1
BRDA:245,54,1,7
BRDA:246,55,0,8
BRDA:246,55,1,2
BRDA:261,56,0,2
BRDA:261,56,1,25
BRDA:261,57,0,27
BRDA:261,57,1,25
BRDA:265,58,0,1
BRDA:265,58,1,26
BRDA:265,59,0,27
BRDA:265,59,1,25
BRDA:269,60,0,1
BRDA:269,60,1,26
BRDA:273,61,0,1
BRDA:273,61,1,26
BRDA:277,62,0,25
BRDA:277,62,1,2
BRDA:277,63,0,27
BRDA:277,63,1,26
BRDA:278,64,0,2
BRDA:278,64,1,23
BRDA:283,65,0,1
BRDA:283,65,1,26
BRDA:284,66,0,27
BRDA:284,66,1,18
BRDA:284,66,2,17
BRDA:290,67,0,1
BRDA:290,67,1,26
BRDA:291,68,0,27
BRDA:291,68,1,18
BRDA:291,68,2,18
BRDA:297,69,0,0
BRDA:297,69,1,27
BRDA:298,70,0,27
BRDA:298,70,1,17
BRDA:298,70,2,17
BRDA:304,71,0,1
BRDA:304,71,1,26
BRDA:305,72,0,27
BRDA:305,72,1,18
BRDA:317,73,0,1
BRDA:317,73,1,26
BRDA:318,74,0,27
BRDA:318,74,1,18
BRDA:324,75,0,1
BRDA:324,75,1,26
BRDA:326,76,0,0
BRDA:326,76,1,26
BRDA:331,77,0,0
BRDA:331,77,1,16
BRDA:344,78,0,39
BRDA:344,78,1,0
BRDA:348,79,0,1
BRDA:348,79,1,6
BRDA:348,79,2,6
BRDA:348,79,3,4
BRDA:348,79,4,1
BRDA:348,79,5,0
BRDA:382,80,0,2
BRDA:382,80,1,6
BRDA:382,81,0,8
BRDA:382,81,1,6
BRDA:386,82,0,0
BRDA:386,82,1,8
BRDA:386,83,0,8
BRDA:386,83,1,8
BRDA:390,84,0,1
BRDA:390,84,1,7
BRDA:391,85,0,8
BRDA:391,85,1,8
BRDA:391,85,2,8
BRDA:397,86,0,0
BRDA:397,86,1,8
BRDA:398,87,0,8
BRDA:398,87,1,8
BRDA:398,87,2,8
BRDA:404,88,0,0
BRDA:404,88,1,8
BRDA:405,89,0,8
BRDA:405,89,1,8
BRDA:405,89,2,8
BRDA:411,90,0,1
BRDA:411,90,1,7
BRDA:412,91,0,8
BRDA:412,91,1,8
BRDA:412,91,2,8
BRDA:419,92,0,1
BRDA:419,92,1,7
BRDA:420,93,0,8
BRDA:420,93,1,2
BRDA:420,93,2,2
BRDA:438,94,0,1
BRDA:438,94,1,20
BRDA:438,95,0,21
BRDA:438,95,1,20
BRDA:442,96,0,1
BRDA:442,96,1,20
BRDA:442,97,0,21
BRDA:442,97,1,20
BRDA:446,98,0,1
BRDA:446,98,1,20
BRDA:446,99,0,21
BRDA:446,99,1,21
BRDA:450,100,0,21
BRDA:450,100,1,0
BRDA:453,101,0,1
BRDA:453,101,1,2
BRF:220
BRH:210
end_of_record
